[starpu][compare_value_and_recalibrate] Current configuration does not match the bus performance model (CUDA: (stored) 2 != (current) 4), recalibrating...
[starpu][benchmark_all_gpu_devices] CUDA 0...
[starpu][measure_bandwidth_between_numa_nodes_and_dev] with NUMA 0...
[starpu][benchmark_all_gpu_devices] CUDA 1...
[starpu][measure_bandwidth_between_numa_nodes_and_dev] with NUMA 0...
[starpu][benchmark_all_gpu_devices] CUDA 2...
[starpu][measure_bandwidth_between_numa_nodes_and_dev] with NUMA 0...
[starpu][benchmark_all_gpu_devices] CUDA 3...
[starpu][measure_bandwidth_between_numa_nodes_and_dev] with NUMA 0...
[starpu][benchmark_all_gpu_devices] CUDA 0 -> 1...
[starpu][measure_bandwidth_between_dev_and_dev_cuda] GPU-Direct 1 -> 0
[starpu][measure_bandwidth_between_dev_and_dev_cuda] GPU-Direct 0 -> 1
[starpu][benchmark_all_gpu_devices] CUDA 0 -> 2...
[starpu][measure_bandwidth_between_dev_and_dev_cuda] GPU-Direct 2 -> 0
[starpu][measure_bandwidth_between_dev_and_dev_cuda] GPU-Direct 0 -> 2
[starpu][benchmark_all_gpu_devices] CUDA 0 -> 3...
[starpu][measure_bandwidth_between_dev_and_dev_cuda] GPU-Direct 3 -> 0
[starpu][measure_bandwidth_between_dev_and_dev_cuda] GPU-Direct 0 -> 3
[starpu][benchmark_all_gpu_devices] CUDA 1 -> 0...
[starpu][measure_bandwidth_between_dev_and_dev_cuda] GPU-Direct 0 -> 1
[starpu][measure_bandwidth_between_dev_and_dev_cuda] GPU-Direct 1 -> 0
[starpu][benchmark_all_gpu_devices] CUDA 1 -> 2...
[starpu][measure_bandwidth_between_dev_and_dev_cuda] GPU-Direct 2 -> 1
[starpu][measure_bandwidth_between_dev_and_dev_cuda] GPU-Direct 1 -> 2
[starpu][benchmark_all_gpu_devices] CUDA 1 -> 3...
[starpu][measure_bandwidth_between_dev_and_dev_cuda] GPU-Direct 3 -> 1
[starpu][measure_bandwidth_between_dev_and_dev_cuda] GPU-Direct 1 -> 3
[starpu][benchmark_all_gpu_devices] CUDA 2 -> 0...
[starpu][measure_bandwidth_between_dev_and_dev_cuda] GPU-Direct 0 -> 2
[starpu][measure_bandwidth_between_dev_and_dev_cuda] GPU-Direct 2 -> 0
[starpu][benchmark_all_gpu_devices] CUDA 2 -> 1...
[starpu][measure_bandwidth_between_dev_and_dev_cuda] GPU-Direct 1 -> 2
[starpu][measure_bandwidth_between_dev_and_dev_cuda] GPU-Direct 2 -> 1
[starpu][benchmark_all_gpu_devices] CUDA 2 -> 3...
[starpu][measure_bandwidth_between_dev_and_dev_cuda] GPU-Direct 3 -> 2
[starpu][measure_bandwidth_between_dev_and_dev_cuda] GPU-Direct 2 -> 3
[starpu][benchmark_all_gpu_devices] CUDA 3 -> 0...
[starpu][measure_bandwidth_between_dev_and_dev_cuda] GPU-Direct 0 -> 3
[starpu][measure_bandwidth_between_dev_and_dev_cuda] GPU-Direct 3 -> 0
[starpu][benchmark_all_gpu_devices] CUDA 3 -> 1...
[starpu][measure_bandwidth_between_dev_and_dev_cuda] GPU-Direct 1 -> 3
[starpu][measure_bandwidth_between_dev_and_dev_cuda] GPU-Direct 3 -> 1
[starpu][benchmark_all_gpu_devices] CUDA 3 -> 2...
[starpu][measure_bandwidth_between_dev_and_dev_cuda] GPU-Direct 2 -> 3
[starpu][measure_bandwidth_between_dev_and_dev_cuda] GPU-Direct 3 -> 2
[starpu][benchmark_all_gpu_devices] OpenCL 0...
[starpu][measure_bandwidth_between_numa_nodes_and_dev] with NUMA 0...
[starpu][benchmark_all_gpu_devices] OpenCL 1...
[starpu][measure_bandwidth_between_numa_nodes_and_dev] with NUMA 0...
[starpu][benchmark_all_gpu_devices] OpenCL 2...
[starpu][measure_bandwidth_between_numa_nodes_and_dev] with NUMA 0...
[starpu][benchmark_all_gpu_devices] OpenCL 3...
[starpu][measure_bandwidth_between_numa_nodes_and_dev] with NUMA 0...
[starpu][compare_value_and_recalibrate] ... done
[starpu][compare_value_and_recalibrate] Current configuration does not match the bus performance model (OpenCL: (stored) 2 != (current) 4), recalibrating...
[starpu][compare_value_and_recalibrate] ... done
MATRIX GENERATED
[starpu][starpu_interface_end_driver_copy_async] Warning: the submission of asynchronous transfer from CUDA 3 to CUDA 2 took a very long time (0.838272 ms)
For proper asynchronous transfer overlapping, data registered to StarPU must be allocated with starpu_malloc() or pinned with starpu_memory_pin()
# size	ms	GFlop/s
24000	2371	3886.6
MATRIX GENERATED
[starpu][starpu_interface_end_driver_copy_async] Warning: the submission of asynchronous transfer from CUDA 3 to CUDA 0 took a very long time (0.896480 ms)
For proper asynchronous transfer overlapping, data registered to StarPU must be allocated with starpu_malloc() or pinned with starpu_memory_pin()
# size	ms	GFlop/s
24000	2442	3774.1
MATRIX GENERATED
[starpu][starpu_interface_end_driver_copy_async] Warning: the submission of asynchronous transfer from CUDA 3 to CUDA 0 took a very long time (0.460789 ms)
For proper asynchronous transfer overlapping, data registered to StarPU must be allocated with starpu_malloc() or pinned with starpu_memory_pin()
# size	ms	GFlop/s
24000	2406	3830.1
MATRIX GENERATED
[starpu][starpu_interface_end_driver_copy_async] Warning: the submission of asynchronous transfer from NUMA 0 to CUDA 0 took a very long time (0.453285 ms)
For proper asynchronous transfer overlapping, data registered to StarPU must be allocated with starpu_malloc() or pinned with starpu_memory_pin()
# size	ms	GFlop/s
24000	2401	3838.7
MATRIX GENERATED
[starpu][starpu_interface_end_driver_copy_async] Warning: the submission of asynchronous transfer from CUDA 3 to CUDA 2 took a very long time (0.481367 ms)
For proper asynchronous transfer overlapping, data registered to StarPU must be allocated with starpu_malloc() or pinned with starpu_memory_pin()
# size	ms	GFlop/s
24000	2368	3891.4
MATRIX GENERATED
[starpu][starpu_interface_end_driver_copy_async] Warning: the submission of asynchronous transfer from NUMA 0 to CUDA 0 took a very long time (0.437776 ms)
For proper asynchronous transfer overlapping, data registered to StarPU must be allocated with starpu_malloc() or pinned with starpu_memory_pin()
# size	ms	GFlop/s
24000	2407	3829.2
MATRIX GENERATED
[starpu][starpu_interface_end_driver_copy_async] Warning: the submission of asynchronous transfer from CUDA 3 to CUDA 2 took a very long time (0.958797 ms)
For proper asynchronous transfer overlapping, data registered to StarPU must be allocated with starpu_malloc() or pinned with starpu_memory_pin()
# size	ms	GFlop/s
24000	2404	3833.9
MATRIX GENERATED
[starpu][starpu_interface_end_driver_copy_async] Warning: the submission of asynchronous transfer from NUMA 0 to CUDA 0 took a very long time (0.448125 ms)
For proper asynchronous transfer overlapping, data registered to StarPU must be allocated with starpu_malloc() or pinned with starpu_memory_pin()
# size	ms	GFlop/s
24000	2405	3832.5
MATRIX GENERATED
[starpu][starpu_interface_end_driver_copy_async] Warning: the submission of asynchronous transfer from NUMA 0 to CUDA 0 took a very long time (0.472091 ms)
For proper asynchronous transfer overlapping, data registered to StarPU must be allocated with starpu_malloc() or pinned with starpu_memory_pin()
# size	ms	GFlop/s
24000	2400	3839.9
MATRIX GENERATED
[starpu][starpu_interface_end_driver_copy_async] Warning: the submission of asynchronous transfer from CUDA 3 to CUDA 2 took a very long time (1.942150 ms)
For proper asynchronous transfer overlapping, data registered to StarPU must be allocated with starpu_malloc() or pinned with starpu_memory_pin()
# size	ms	GFlop/s
24000	2403	3835.4
MATRIX GENERATED
[starpu][starpu_interface_end_driver_copy_async] Warning: the submission of asynchronous transfer from NUMA 0 to CUDA 0 took a very long time (0.436834 ms)
For proper asynchronous transfer overlapping, data registered to StarPU must be allocated with starpu_malloc() or pinned with starpu_memory_pin()
# size	ms	GFlop/s
24000	2399	3841.3
