[starpu][compare_value_and_recalibrate] Current configuration does not match the bus performance model (CUDA: (stored) 1 != (current) 2), recalibrating...
[starpu][benchmark_all_gpu_devices] CUDA 0...
[starpu][measure_bandwidth_between_numa_nodes_and_dev] with NUMA 0...
[starpu][benchmark_all_gpu_devices] CUDA 1...
[starpu][measure_bandwidth_between_numa_nodes_and_dev] with NUMA 0...
[starpu][benchmark_all_gpu_devices] CUDA 0 -> 1...
[starpu][measure_bandwidth_between_dev_and_dev_cuda] GPU-Direct 1 -> 0
[starpu][measure_bandwidth_between_dev_and_dev_cuda] GPU-Direct 0 -> 1
[starpu][benchmark_all_gpu_devices] CUDA 1 -> 0...
[starpu][measure_bandwidth_between_dev_and_dev_cuda] GPU-Direct 0 -> 1
[starpu][measure_bandwidth_between_dev_and_dev_cuda] GPU-Direct 1 -> 0
[starpu][benchmark_all_gpu_devices] OpenCL 0...
[starpu][measure_bandwidth_between_numa_nodes_and_dev] with NUMA 0...
[starpu][benchmark_all_gpu_devices] OpenCL 1...
[starpu][measure_bandwidth_between_numa_nodes_and_dev] with NUMA 0...
[starpu][compare_value_and_recalibrate] ... done
[starpu][compare_value_and_recalibrate] Current configuration does not match the bus performance model (OpenCL: (stored) 1 != (current) 2), recalibrating...
[starpu][compare_value_and_recalibrate] ... done
MATRIX GENERATED
[starpu][starpu_interface_end_driver_copy_async] Warning: the submission of asynchronous transfer from CUDA 1 to CUDA 0 took a very long time (1.586357 ms)
For proper asynchronous transfer overlapping, data registered to StarPU must be allocated with starpu_malloc() or pinned with starpu_memory_pin()
# size	ms	GFlop/s
60000	29557	4871.9
MATRIX GENERATED
[starpu][starpu_interface_end_driver_copy_async] Warning: the submission of asynchronous transfer from NUMA 0 to CUDA 0 took a very long time (0.489643 ms)
For proper asynchronous transfer overlapping, data registered to StarPU must be allocated with starpu_malloc() or pinned with starpu_memory_pin()
# size	ms	GFlop/s
60000	29580	4868.2
MATRIX GENERATED
[starpu][starpu_interface_end_driver_copy_async] Warning: the submission of asynchronous transfer from NUMA 0 to CUDA 0 took a very long time (0.465437 ms)
For proper asynchronous transfer overlapping, data registered to StarPU must be allocated with starpu_malloc() or pinned with starpu_memory_pin()
# size	ms	GFlop/s
60000	29599	4865.0
MATRIX GENERATED
[starpu][starpu_interface_end_driver_copy_async] Warning: the submission of asynchronous transfer from NUMA 0 to CUDA 0 took a very long time (0.612682 ms)
For proper asynchronous transfer overlapping, data registered to StarPU must be allocated with starpu_malloc() or pinned with starpu_memory_pin()
# size	ms	GFlop/s
60000	29563	4871.0
MATRIX GENERATED
# size	ms	GFlop/s
60000	30214	4765.9
MATRIX GENERATED
[starpu][starpu_interface_end_driver_copy_async] Warning: the submission of asynchronous transfer from NUMA 0 to CUDA 0 took a very long time (0.463223 ms)
For proper asynchronous transfer overlapping, data registered to StarPU must be allocated with starpu_malloc() or pinned with starpu_memory_pin()
# size	ms	GFlop/s
60000	29538	4875.0
MATRIX GENERATED
[starpu][starpu_interface_end_driver_copy_async] Warning: the submission of asynchronous transfer from CUDA 0 to CUDA 1 took a very long time (1.380884 ms)
For proper asynchronous transfer overlapping, data registered to StarPU must be allocated with starpu_malloc() or pinned with starpu_memory_pin()
# size	ms	GFlop/s
60000	30197	4768.7
MATRIX GENERATED
[starpu][starpu_interface_end_driver_copy_async] Warning: the submission of asynchronous transfer from NUMA 0 to CUDA 0 took a very long time (0.670339 ms)
For proper asynchronous transfer overlapping, data registered to StarPU must be allocated with starpu_malloc() or pinned with starpu_memory_pin()
# size	ms	GFlop/s
60000	29574	4869.1
MATRIX GENERATED
[starpu][starpu_interface_end_driver_copy_async] Warning: the submission of asynchronous transfer from NUMA 0 to CUDA 0 took a very long time (0.685788 ms)
For proper asynchronous transfer overlapping, data registered to StarPU must be allocated with starpu_malloc() or pinned with starpu_memory_pin()
# size	ms	GFlop/s
60000	30244	4761.3
MATRIX GENERATED
[starpu][starpu_interface_end_driver_copy_async] Warning: the submission of asynchronous transfer from NUMA 0 to CUDA 0 took a very long time (0.652456 ms)
For proper asynchronous transfer overlapping, data registered to StarPU must be allocated with starpu_malloc() or pinned with starpu_memory_pin()
# size	ms	GFlop/s
60000	29563	4870.9
MATRIX GENERATED
# size	ms	GFlop/s
60000	30206	4767.2
