SUBGRAPH with N=60000 (6 of 10000x10000 tiles)
SM Limit per kernel = 100
cuBLAS workspace = 25600 kB
src/modules/transport/ibrc/ibrc.cpp:nvshmemt_init:1850: neither nv_peer_mem, or nvidia_peermem detected. Skipping transport.

WARN: init failed for remote transport: ibrc
PE 0. Create subgraph with subN=3 (3 of 3333x3333 tiles)
PE 0. Create subgraph with subN=3 (3 of 3333x3333 tiles)
PE 0. Create subgraph with subN=3 (3 of 3333x3333 tiles)
PE 0. Create subgraph with subN=3 (3 of 3333x3333 tiles)
PE 0. Create subgraph with subN=3 (3 of 3333x3333 tiles)
PE 0. Create subgraph with subN=3 (3 of 3333x3333 tiles)
device 0 | 0 run | time (s): 8.6234
device 0 | 1 run | time (s): 8.7026
device 0 | 2 run | time (s): 8.7276
device 0 | 3 run | time (s): 8.7363
device 0 | 4 run | time (s): 8.7246
device 0 | 5 run | time (s): 8.7239
device 0 | 6 run | time (s): 8.6986
device 0 | 7 run | time (s): 8.6497
device 0 | 8 run | time (s): 8.6372
device 0 | 9 run | time (s): 8.6582
device 0 | 10 run | time (s): 8.6973
Total time used (s): 95.5792
