[starpu][compare_value_and_recalibrate] Current configuration does not match the bus performance model (CUDA: (stored) 8 != (current) 1), recalibrating...
[starpu][benchmark_all_gpu_devices] CUDA 0...
[starpu][measure_bandwidth_between_numa_nodes_and_dev] with NUMA 0...
[starpu][benchmark_all_gpu_devices] OpenCL 0...
[starpu][measure_bandwidth_between_numa_nodes_and_dev] with NUMA 0...
[starpu][compare_value_and_recalibrate] ... done
[starpu][compare_value_and_recalibrate] Current configuration does not match the bus performance model (OpenCL: (stored) 8 != (current) 1), recalibrating...
[starpu][compare_value_and_recalibrate] ... done
MATRIX GENERATED
[starpu][_starpu_history_based_job_expected_perf] Warning: model starpu_dlu_lu_model_11_openblas is not calibrated enough for cuda0_impl0 (Comb0) size 800000000 footprint b83122d3 (only 0 measurements), forcing calibration for this run. Use the STARPU_CALIBRATE environment variable to control this. You probably need to run again to continue calibrating the model, until this warning disappears.
[starpu][_starpu_history_based_job_expected_perf] Warning: model starpu_dlu_lu_model_12_openblas is not calibrated enough for cuda0_impl0 (Comb0) size 1600000000 footprint 6c404c2d (only 0 measurements), forcing calibration for this run. Use the STARPU_CALIBRATE environment variable to control this. You probably need to run again to continue calibrating the model, until this warning disappears.
[starpu][_starpu_history_based_job_expected_perf] Warning: model starpu_dlu_lu_model_21_openblas is not calibrated enough for cuda0_impl0 (Comb0) size 1600000000 footprint 6c404c2d (only 0 measurements), forcing calibration for this run. Use the STARPU_CALIBRATE environment variable to control this. You probably need to run again to continue calibrating the model, until this warning disappears.
[starpu][_starpu_history_based_job_expected_perf] Warning: model starpu_dlu_lu_model_22_openblas is not calibrated enough for cuda0_impl0 (Comb0) size 2400000000 footprint f675d536 (only 0 measurements), forcing calibration for this run. Use the STARPU_CALIBRATE environment variable to control this. You probably need to run again to continue calibrating the model, until this warning disappears.
# size	ms	GFlop/s
60000	35577	4047.5
MATRIX GENERATED
[starpu][_starpu_history_based_job_expected_perf] Warning: model starpu_dlu_lu_model_11_openblas is not calibrated enough for cuda0_impl0 (Comb0) size 800000000 footprint b83122d3 (only 5 measurements), forcing calibration for this run. Use the STARPU_CALIBRATE environment variable to control this. You probably need to run again to continue calibrating the model, until this warning disappears.
# size	ms	GFlop/s
60000	35545	4051.2
MATRIX GENERATED
# size	ms	GFlop/s
60000	35519	4054.1
MATRIX GENERATED
# size	ms	GFlop/s
60000	35540	4051.8
MATRIX GENERATED
# size	ms	GFlop/s
60000	35520	4054.1
MATRIX GENERATED
# size	ms	GFlop/s
60000	35521	4053.9
MATRIX GENERATED
# size	ms	GFlop/s
60000	35517	4054.4
MATRIX GENERATED
# size	ms	GFlop/s
60000	35513	4054.9
MATRIX GENERATED
# size	ms	GFlop/s
60000	35507	4055.6
MATRIX GENERATED
# size	ms	GFlop/s
60000	35549	4050.8
MATRIX GENERATED
# size	ms	GFlop/s
60000	35547	4051.0
