SUBGRAPH with N=36000 (6 of 6000x6000 tiles)
SM Limit per kernel = 100
cuBLAS workspace = 25600 kB
src/modules/transport/ibrc/ibrc.cpp:nvshmemt_init:1850: neither nv_peer_mem, or nvidia_peermem detected. Skipping transport.

WARN: init failed for remote transport: ibrc
PE 0. Create subgraph with subN=2 (2 of 3000x3000 tiles)
PE 0. Create subgraph with subN=2 (2 of 3000x3000 tiles)
PE 0. Create subgraph with subN=2 (2 of 3000x3000 tiles)
PE 0. Create subgraph with subN=2 (2 of 3000x3000 tiles)
PE 0. Create subgraph with subN=2 (2 of 3000x3000 tiles)
PE 0. Create subgraph with subN=2 (2 of 3000x3000 tiles)
device 0 | 0 run | time (s): 4.0839
device 0 | 1 run | time (s): 4.0926
device 0 | 2 run | time (s): 4.1029
device 0 | 3 run | time (s): 4.0838
device 0 | 4 run | time (s): 4.1029
device 0 | 5 run | time (s): 4.0840
device 0 | 6 run | time (s): 4.0800
device 0 | 7 run | time (s): 4.0819
device 0 | 8 run | time (s): 4.0798
device 0 | 9 run | time (s): 4.0796
device 0 | 10 run | time (s): 4.0797
Total time used (s): 44.9509
