[starpu][compare_value_and_recalibrate] Current configuration does not match the bus performance model (CUDA: (stored) 2 != (current) 4), recalibrating...
[starpu][benchmark_all_gpu_devices] CUDA 0...
[starpu][measure_bandwidth_between_numa_nodes_and_dev] with NUMA 0...
[starpu][benchmark_all_gpu_devices] CUDA 1...
[starpu][measure_bandwidth_between_numa_nodes_and_dev] with NUMA 0...
[starpu][benchmark_all_gpu_devices] CUDA 2...
[starpu][measure_bandwidth_between_numa_nodes_and_dev] with NUMA 0...
[starpu][benchmark_all_gpu_devices] CUDA 3...
[starpu][measure_bandwidth_between_numa_nodes_and_dev] with NUMA 0...
[starpu][benchmark_all_gpu_devices] CUDA 0 -> 1...
[starpu][measure_bandwidth_between_dev_and_dev_cuda] GPU-Direct 1 -> 0
[starpu][measure_bandwidth_between_dev_and_dev_cuda] GPU-Direct 0 -> 1
[starpu][benchmark_all_gpu_devices] CUDA 0 -> 2...
[starpu][measure_bandwidth_between_dev_and_dev_cuda] GPU-Direct 2 -> 0
[starpu][measure_bandwidth_between_dev_and_dev_cuda] GPU-Direct 0 -> 2
[starpu][benchmark_all_gpu_devices] CUDA 0 -> 3...
[starpu][measure_bandwidth_between_dev_and_dev_cuda] GPU-Direct 3 -> 0
[starpu][measure_bandwidth_between_dev_and_dev_cuda] GPU-Direct 0 -> 3
[starpu][benchmark_all_gpu_devices] CUDA 1 -> 0...
[starpu][measure_bandwidth_between_dev_and_dev_cuda] GPU-Direct 0 -> 1
[starpu][measure_bandwidth_between_dev_and_dev_cuda] GPU-Direct 1 -> 0
[starpu][benchmark_all_gpu_devices] CUDA 1 -> 2...
[starpu][measure_bandwidth_between_dev_and_dev_cuda] GPU-Direct 2 -> 1
[starpu][measure_bandwidth_between_dev_and_dev_cuda] GPU-Direct 1 -> 2
[starpu][benchmark_all_gpu_devices] CUDA 1 -> 3...
[starpu][measure_bandwidth_between_dev_and_dev_cuda] GPU-Direct 3 -> 1
[starpu][measure_bandwidth_between_dev_and_dev_cuda] GPU-Direct 1 -> 3
[starpu][benchmark_all_gpu_devices] CUDA 2 -> 0...
[starpu][measure_bandwidth_between_dev_and_dev_cuda] GPU-Direct 0 -> 2
[starpu][measure_bandwidth_between_dev_and_dev_cuda] GPU-Direct 2 -> 0
[starpu][benchmark_all_gpu_devices] CUDA 2 -> 1...
[starpu][measure_bandwidth_between_dev_and_dev_cuda] GPU-Direct 1 -> 2
[starpu][measure_bandwidth_between_dev_and_dev_cuda] GPU-Direct 2 -> 1
[starpu][benchmark_all_gpu_devices] CUDA 2 -> 3...
[starpu][measure_bandwidth_between_dev_and_dev_cuda] GPU-Direct 3 -> 2
[starpu][measure_bandwidth_between_dev_and_dev_cuda] GPU-Direct 2 -> 3
[starpu][benchmark_all_gpu_devices] CUDA 3 -> 0...
[starpu][measure_bandwidth_between_dev_and_dev_cuda] GPU-Direct 0 -> 3
[starpu][measure_bandwidth_between_dev_and_dev_cuda] GPU-Direct 3 -> 0
[starpu][benchmark_all_gpu_devices] CUDA 3 -> 1...
[starpu][measure_bandwidth_between_dev_and_dev_cuda] GPU-Direct 1 -> 3
[starpu][measure_bandwidth_between_dev_and_dev_cuda] GPU-Direct 3 -> 1
[starpu][benchmark_all_gpu_devices] CUDA 3 -> 2...
[starpu][measure_bandwidth_between_dev_and_dev_cuda] GPU-Direct 2 -> 3
[starpu][measure_bandwidth_between_dev_and_dev_cuda] GPU-Direct 3 -> 2
[starpu][benchmark_all_gpu_devices] OpenCL 0...
[starpu][measure_bandwidth_between_numa_nodes_and_dev] with NUMA 0...
[starpu][benchmark_all_gpu_devices] OpenCL 1...
[starpu][measure_bandwidth_between_numa_nodes_and_dev] with NUMA 0...
[starpu][benchmark_all_gpu_devices] OpenCL 2...
[starpu][measure_bandwidth_between_numa_nodes_and_dev] with NUMA 0...
[starpu][benchmark_all_gpu_devices] OpenCL 3...
[starpu][measure_bandwidth_between_numa_nodes_and_dev] with NUMA 0...
[starpu][compare_value_and_recalibrate] ... done
[starpu][compare_value_and_recalibrate] Current configuration does not match the bus performance model (OpenCL: (stored) 2 != (current) 4), recalibrating...
[starpu][compare_value_and_recalibrate] ... done
MATRIX GENERATED
[starpu][starpu_interface_end_driver_copy_async] Warning: the submission of asynchronous transfer from CUDA 2 to CUDA 3 took a very long time (0.384837 ms)
For proper asynchronous transfer overlapping, data registered to StarPU must be allocated with starpu_malloc() or pinned with starpu_memory_pin()
# size	ms	GFlop/s
36000	6870	4527.3
MATRIX GENERATED
[starpu][starpu_interface_end_driver_copy_async] Warning: the submission of asynchronous transfer from NUMA 0 to CUDA 0 took a very long time (0.465728 ms)
For proper asynchronous transfer overlapping, data registered to StarPU must be allocated with starpu_malloc() or pinned with starpu_memory_pin()
# size	ms	GFlop/s
36000	6846	4543.4
MATRIX GENERATED
[starpu][starpu_interface_end_driver_copy_async] Warning: the submission of asynchronous transfer from CUDA 2 to CUDA 1 took a very long time (0.650152 ms)
For proper asynchronous transfer overlapping, data registered to StarPU must be allocated with starpu_malloc() or pinned with starpu_memory_pin()
# size	ms	GFlop/s
36000	6839	4548.3
MATRIX GENERATED
[starpu][starpu_interface_end_driver_copy_async] Warning: the submission of asynchronous transfer from CUDA 2 to CUDA 3 took a very long time (2.019515 ms)
For proper asynchronous transfer overlapping, data registered to StarPU must be allocated with starpu_malloc() or pinned with starpu_memory_pin()
# size	ms	GFlop/s
36000	6870	4527.4
MATRIX GENERATED
[starpu][starpu_interface_end_driver_copy_async] Warning: the submission of asynchronous transfer from CUDA 2 to CUDA 0 took a very long time (0.950198 ms)
For proper asynchronous transfer overlapping, data registered to StarPU must be allocated with starpu_malloc() or pinned with starpu_memory_pin()
# size	ms	GFlop/s
36000	6841	4546.4
MATRIX GENERATED
[starpu][starpu_interface_end_driver_copy_async] Warning: the submission of asynchronous transfer from CUDA 2 to CUDA 0 took a very long time (0.538123 ms)
For proper asynchronous transfer overlapping, data registered to StarPU must be allocated with starpu_malloc() or pinned with starpu_memory_pin()
# size	ms	GFlop/s
36000	6841	4546.6
MATRIX GENERATED
[starpu][starpu_interface_end_driver_copy_async] Warning: the submission of asynchronous transfer from CUDA 2 to CUDA 3 took a very long time (1.946528 ms)
For proper asynchronous transfer overlapping, data registered to StarPU must be allocated with starpu_malloc() or pinned with starpu_memory_pin()
# size	ms	GFlop/s
36000	6891	4513.9
MATRIX GENERATED
[starpu][starpu_interface_end_driver_copy_async] Warning: the submission of asynchronous transfer from CUDA 2 to CUDA 0 took a very long time (0.401428 ms)
For proper asynchronous transfer overlapping, data registered to StarPU must be allocated with starpu_malloc() or pinned with starpu_memory_pin()
# size	ms	GFlop/s
36000	6847	4542.5
MATRIX GENERATED
[starpu][starpu_interface_end_driver_copy_async] Warning: the submission of asynchronous transfer from NUMA 0 to CUDA 2 took a very long time (0.618623 ms)
For proper asynchronous transfer overlapping, data registered to StarPU must be allocated with starpu_malloc() or pinned with starpu_memory_pin()
# size	ms	GFlop/s
36000	6812	4565.8
MATRIX GENERATED
[starpu][starpu_interface_end_driver_copy_async] Warning: the submission of asynchronous transfer from CUDA 2 to CUDA 1 took a very long time (0.484944 ms)
For proper asynchronous transfer overlapping, data registered to StarPU must be allocated with starpu_malloc() or pinned with starpu_memory_pin()
# size	ms	GFlop/s
36000	6902	4506.7
MATRIX GENERATED
[starpu][starpu_interface_end_driver_copy_async] Warning: the submission of asynchronous transfer from NUMA 0 to CUDA 0 took a very long time (0.553141 ms)
For proper asynchronous transfer overlapping, data registered to StarPU must be allocated with starpu_malloc() or pinned with starpu_memory_pin()
# size	ms	GFlop/s
36000	6856	4536.8
