[starpu][compare_value_and_recalibrate] Current configuration does not match the bus performance model (CUDA: (stored) 8 != (current) 1), recalibrating...
[starpu][benchmark_all_gpu_devices] CUDA 0...
[starpu][measure_bandwidth_between_numa_nodes_and_dev] with NUMA 0...
[starpu][benchmark_all_gpu_devices] OpenCL 0...
[starpu][measure_bandwidth_between_numa_nodes_and_dev] with NUMA 0...
[starpu][compare_value_and_recalibrate] ... done
[starpu][compare_value_and_recalibrate] Current configuration does not match the bus performance model (OpenCL: (stored) 8 != (current) 1), recalibrating...
[starpu][compare_value_and_recalibrate] ... done
MATRIX GENERATED
[starpu][_starpu_history_based_job_expected_perf] Warning: model starpu_dlu_lu_model_11_openblas is not calibrated enough for cuda0_impl0 (Comb0) size 288000000 footprint c8d4793f (only 0 measurements), forcing calibration for this run. Use the STARPU_CALIBRATE environment variable to control this. You probably need to run again to continue calibrating the model, until this warning disappears.
[starpu][_starpu_history_based_job_expected_perf] Warning: model starpu_dlu_lu_model_12_openblas is not calibrated enough for cuda0_impl0 (Comb0) size 576000000 footprint 47f4c853 (only 0 measurements), forcing calibration for this run. Use the STARPU_CALIBRATE environment variable to control this. You probably need to run again to continue calibrating the model, until this warning disappears.
[starpu][_starpu_history_based_job_expected_perf] Warning: model starpu_dlu_lu_model_21_openblas is not calibrated enough for cuda0_impl0 (Comb0) size 576000000 footprint 47f4c853 (only 0 measurements), forcing calibration for this run. Use the STARPU_CALIBRATE environment variable to control this. You probably need to run again to continue calibrating the model, until this warning disappears.
[starpu][_starpu_history_based_job_expected_perf] Warning: model starpu_dlu_lu_model_22_openblas is not calibrated enough for cuda0_impl0 (Comb0) size 864000000 footprint b93e4ec6 (only 0 measurements), forcing calibration for this run. Use the STARPU_CALIBRATE environment variable to control this. You probably need to run again to continue calibrating the model, until this warning disappears.
# size	ms	GFlop/s
36000	92490	336.3
MATRIX GENERATED
[starpu][_starpu_history_based_job_expected_perf] Warning: model starpu_dlu_lu_model_11_openblas is not calibrated enough for cuda0_impl0 (Comb0) size 288000000 footprint c8d4793f (only 5 measurements), forcing calibration for this run. Use the STARPU_CALIBRATE environment variable to control this. You probably need to run again to continue calibrating the model, until this warning disappears.
[starpu][_starpu_update_perfmodel_history] Too big deviation for model starpu_dlu_lu_model_11_openblas on cuda0_impl0 (Comb0): 1028328.267000us vs average 14579130.000000us, 5 such errors against 5 samples (-92.946573%), flushing the performance model. Use the STARPU_HISTORY_MAX_ERROR environement variable to control the threshold (currently 50%)
# size	ms	GFlop/s
36000	8122	3829.4
MATRIX GENERATED
[starpu][_starpu_history_based_job_expected_perf] Warning: model starpu_dlu_lu_model_11_openblas is not calibrated enough for cuda0_impl0 (Comb0) size 288000000 footprint c8d4793f (only 1 measurements), forcing calibration for this run. Use the STARPU_CALIBRATE environment variable to control this. You probably need to run again to continue calibrating the model, until this warning disappears.
# size	ms	GFlop/s
36000	8126	3827.6
MATRIX GENERATED
[starpu][_starpu_history_based_job_expected_perf] Warning: model starpu_dlu_lu_model_11_openblas is not calibrated enough for cuda0_impl0 (Comb0) size 288000000 footprint c8d4793f (only 7 measurements), forcing calibration for this run. Use the STARPU_CALIBRATE environment variable to control this. You probably need to run again to continue calibrating the model, until this warning disappears.
# size	ms	GFlop/s
36000	8121	3830.0
MATRIX GENERATED
# size	ms	GFlop/s
36000	8124	3828.7
MATRIX GENERATED
# size	ms	GFlop/s
36000	8129	3826.1
MATRIX GENERATED
# size	ms	GFlop/s
36000	8131	3825.6
MATRIX GENERATED
# size	ms	GFlop/s
36000	8133	3824.5
MATRIX GENERATED
# size	ms	GFlop/s
36000	8140	3821.2
MATRIX GENERATED
# size	ms	GFlop/s
36000	8118	3831.4
MATRIX GENERATED
# size	ms	GFlop/s
36000	8110	3835.2
