SUBGRAPH with N=72000 (6 of 12000x12000 tiles)
SM Limit per kernel = 100
cuBLAS workspace = 25600 kB
src/modules/transport/ibrc/ibrc.cpp:nvshmemt_init:1850: neither nv_peer_mem, or nvidia_peermem detected. Skipping transport.

WARN: init failed for remote transport: ibrc
PE 0. Create subgraph with subN=3 (3 of 4000x4000 tiles)
PE 0. Create subgraph with subN=3 (3 of 4000x4000 tiles)
PE 0. Create subgraph with subN=3 (3 of 4000x4000 tiles)
PE 0. Create subgraph with subN=3 (3 of 4000x4000 tiles)
PE 0. Create subgraph with subN=3 (3 of 4000x4000 tiles)
PE 0. Create subgraph with subN=3 (3 of 4000x4000 tiles)
device 0 | 0 run | time (s): 14.6557
device 0 | 1 run | time (s): 14.6975
device 0 | 2 run | time (s): 14.6736
device 0 | 3 run | time (s): 14.6835
device 0 | 4 run | time (s): 14.6601
device 0 | 5 run | time (s): 14.7337
device 0 | 6 run | time (s): 14.7810
device 0 | 7 run | time (s): 14.6878
device 0 | 8 run | time (s): 14.7186
device 0 | 9 run | time (s): 14.8093
device 0 | 10 run | time (s): 14.6841
Total time used (s): 161.7847
