Test 1D Laplacian of order 12000
Step 1: Create Mg handle and select devices 
	There are 4 GPUs 
	Device 0, NVIDIA A100-SXM4-80GB, cc 8.0 
	Device 1, NVIDIA A100-SXM4-80GB, cc 8.0 
	Device 2, NVIDIA A100-SXM4-80GB, cc 8.0 
	Device 3, NVIDIA A100-SXM4-80GB, cc 8.0 
step 2: Enable peer access.
	 Enable peer access from gpu 0 to gpu 1
	 Enable peer access from gpu 0 to gpu 2
	 Enable peer access from gpu 0 to gpu 3
	 Enable peer access from gpu 1 to gpu 0
	 Enable peer access from gpu 1 to gpu 2
	 Enable peer access from gpu 1 to gpu 3
	 Enable peer access from gpu 2 to gpu 0
	 Enable peer access from gpu 2 to gpu 1
	 Enable peer access from gpu 2 to gpu 3
	 Enable peer access from gpu 3 to gpu 0
	 Enable peer access from gpu 3 to gpu 1
	 Enable peer access from gpu 3 to gpu 2
Step 3: Allocate host memory A 
Step 4: Prepare 1D Laplacian 
Step 5: Create matrix descriptors for A and B 
Step 6: Allocate distributed matrices A and D 
Step 7: Prepare data on devices 
Step 8: Allocate workspace space 
	Allocate device workspace, lwork = 86400 
Step 9: Solve A*X = B by GETRF and GETRS 
Run 0 time used (s): 0.6947
Run 1 time used (s): 0.6468
Run 2 time used (s): 0.6454
Run 3 time used (s): 0.6456
Run 4 time used (s): 0.6474
Run 5 time used (s): 0.6464
Run 6 time used (s): 0.6458
Run 7 time used (s): 0.6460
Run 8 time used (s): 0.6462
Run 9 time used (s): 0.6465
Run 10 time used (s): 0.6457
Total time used (s): 7.1565
step 12: Free resources 
Test 1D Laplacian of order 12000
Step 1: Create Mg handle and select devices 
	There are 4 GPUs 
	Device 0, NVIDIA A100-SXM4-80GB, cc 8.0 
	Device 1, NVIDIA A100-SXM4-80GB, cc 8.0 
	Device 2, NVIDIA A100-SXM4-80GB, cc 8.0 
	Device 3, NVIDIA A100-SXM4-80GB, cc 8.0 
step 2: Enable peer access.
	 Enable peer access from gpu 0 to gpu 1
	 Enable peer access from gpu 0 to gpu 2
	 Enable peer access from gpu 0 to gpu 3
	 Enable peer access from gpu 1 to gpu 0
	 Enable peer access from gpu 1 to gpu 2
	 Enable peer access from gpu 1 to gpu 3
	 Enable peer access from gpu 2 to gpu 0
	 Enable peer access from gpu 2 to gpu 1
	 Enable peer access from gpu 2 to gpu 3
	 Enable peer access from gpu 3 to gpu 0
	 Enable peer access from gpu 3 to gpu 1
	 Enable peer access from gpu 3 to gpu 2
Step 3: Allocate host memory A 
Step 4: Prepare 1D Laplacian 
Step 5: Create matrix descriptors for A and B 
Step 6: Allocate distributed matrices A and D 
Step 7: Prepare data on devices 
Step 8: Allocate workspace space 
	Allocate device workspace, lwork = 86400 
Step 9: Solve A*X = B by GETRF and GETRS 
Run 0 time used (s): 0.7018
Run 1 time used (s): 0.6510
Run 2 time used (s): 0.6523
Run 3 time used (s): 0.6499
Run 4 time used (s): 0.6494
Run 5 time used (s): 0.6510
Run 6 time used (s): 0.6496
Run 7 time used (s): 0.6490
Run 8 time used (s): 0.6495
Run 9 time used (s): 0.6496
Run 10 time used (s): 0.6494
Total time used (s): 7.2026
step 12: Free resources 
