[starpu][compare_value_and_recalibrate] Current configuration does not match the bus performance model (CUDA: (stored) 8 != (current) 1), recalibrating...
[starpu][benchmark_all_gpu_devices] CUDA 0...
[starpu][measure_bandwidth_between_numa_nodes_and_dev] with NUMA 0...
[starpu][benchmark_all_gpu_devices] OpenCL 0...
[starpu][measure_bandwidth_between_numa_nodes_and_dev] with NUMA 0...
[starpu][compare_value_and_recalibrate] ... done
[starpu][compare_value_and_recalibrate] Current configuration does not match the bus performance model (OpenCL: (stored) 8 != (current) 1), recalibrating...
[starpu][compare_value_and_recalibrate] ... done
MATRIX GENERATED
[starpu][_starpu_history_based_job_expected_perf] Warning: model starpu_dlu_lu_model_11_openblas is not calibrated enough for cuda0_impl0 (Comb0) size 32000000 footprint fc345c2c (only 0 measurements), forcing calibration for this run. Use the STARPU_CALIBRATE environment variable to control this. You probably need to run again to continue calibrating the model, until this warning disappears.
[starpu][_starpu_history_based_job_expected_perf] Warning: model starpu_dlu_lu_model_12_openblas is not calibrated enough for cuda0_impl0 (Comb0) size 64000000 footprint a83049f5 (only 0 measurements), forcing calibration for this run. Use the STARPU_CALIBRATE environment variable to control this. You probably need to run again to continue calibrating the model, until this warning disappears.
[starpu][_starpu_history_based_job_expected_perf] Warning: model starpu_dlu_lu_model_21_openblas is not calibrated enough for cuda0_impl0 (Comb0) size 64000000 footprint a83049f5 (only 0 measurements), forcing calibration for this run. Use the STARPU_CALIBRATE environment variable to control this. You probably need to run again to continue calibrating the model, until this warning disappears.
[starpu][_starpu_history_based_job_expected_perf] Warning: model starpu_dlu_lu_model_22_openblas is not calibrated enough for cuda0_impl0 (Comb0) size 96000000 footprint 4174b543 (only 0 measurements), forcing calibration for this run. Use the STARPU_CALIBRATE environment variable to control this. You probably need to run again to continue calibrating the model, until this warning disappears.
[starpu][_starpu_update_perfmodel_history] Too big deviation for model starpu_dlu_lu_model_12_openblas on cuda0_impl0 (Comb0): 2457.791000us vs average 3944.111000us, 1 such errors against 1 samples (-37.684538%), flushing the performance model. Use the STARPU_HISTORY_MAX_ERROR environement variable to control the threshold (currently 50%)
[starpu][_starpu_update_perfmodel_history] Too big deviation for model starpu_dlu_lu_model_21_openblas on cuda0_impl0 (Comb0): 3577.738000us vs average 1238.088000us, 1 such errors against 1 samples (+188.972836%), flushing the performance model. Use the STARPU_HISTORY_MAX_ERROR environement variable to control the threshold (currently 50%)
[starpu][_starpu_update_perfmodel_history] Too big deviation for model starpu_dlu_lu_model_12_openblas on cuda0_impl0 (Comb0): 2453.624000us vs average 4046.633000us, 1 such errors against 1 samples (-39.366283%), flushing the performance model. Use the STARPU_HISTORY_MAX_ERROR environement variable to control the threshold (currently 50%)
[starpu][_starpu_update_perfmodel_history] Too big deviation for model starpu_dlu_lu_model_21_openblas on cuda0_impl0 (Comb0): 3006.203000us vs average 1763.607000us, 1 such errors against 1 samples (+70.457647%), flushing the performance model. Use the STARPU_HISTORY_MAX_ERROR environement variable to control the threshold (currently 50%)
[starpu][_starpu_update_perfmodel_history] Too big deviation for model starpu_dlu_lu_model_22_openblas on cuda0_impl0 (Comb0): 1248.036000us vs average 3189.135000us, 1 such errors against 1 samples (-60.866003%), flushing the performance model. Use the STARPU_HISTORY_MAX_ERROR environement variable to control the threshold (currently 50%)
[starpu][_starpu_update_perfmodel_history] Too big deviation for model starpu_dlu_lu_model_22_openblas on cuda0_impl0 (Comb0): 908.754000us vs average 3456.953000us, 1 such errors against 1 samples (-73.712284%), flushing the performance model. Use the STARPU_HISTORY_MAX_ERROR environement variable to control the threshold (currently 50%)
[starpu][_starpu_update_perfmodel_history] Too big deviation for model starpu_dlu_lu_model_22_openblas on cuda0_impl0 (Comb0): 905.788000us vs average 3308.787000us, 1 such errors against 1 samples (-72.624772%), flushing the performance model. Use the STARPU_HISTORY_MAX_ERROR environement variable to control the threshold (currently 50%)
[starpu][_starpu_update_perfmodel_history] Too big deviation for model starpu_dlu_lu_model_22_openblas on cuda0_impl0 (Comb0): 950.070000us vs average 3414.762000us, 1 such errors against 1 samples (-72.177563%), flushing the performance model. Use the STARPU_HISTORY_MAX_ERROR environement variable to control the threshold (currently 50%)
[starpu][_starpu_update_perfmodel_history] Too big deviation for model starpu_dlu_lu_model_22_openblas on cuda0_impl0 (Comb0): 898.354000us vs average 3245.407000us, 1 such errors against 1 samples (-72.319219%), flushing the performance model. Use the STARPU_HISTORY_MAX_ERROR environement variable to control the threshold (currently 50%)
[starpu][_starpu_update_perfmodel_history] Too big deviation for model starpu_dlu_lu_model_22_openblas on cuda0_impl0 (Comb0): 905.848000us vs average 3319.425000us, 1 such errors against 1 samples (-72.710695%), flushing the performance model. Use the STARPU_HISTORY_MAX_ERROR environement variable to control the threshold (currently 50%)
[starpu][_starpu_update_perfmodel_history] Too big deviation for model starpu_dlu_lu_model_22_openblas on cuda0_impl0 (Comb0): 904.375000us vs average 3329.533000us, 1 such errors against 1 samples (-72.837782%), flushing the performance model. Use the STARPU_HISTORY_MAX_ERROR environement variable to control the threshold (currently 50%)
[starpu][_starpu_update_perfmodel_history] Too big deviation for model starpu_dlu_lu_model_22_openblas on cuda0_impl0 (Comb0): 913.963000us vs average 3327.971000us, 1 such errors against 1 samples (-72.536930%), flushing the performance model. Use the STARPU_HISTORY_MAX_ERROR environement variable to control the threshold (currently 50%)
[starpu][_starpu_update_perfmodel_history] Too big deviation for model starpu_dlu_lu_model_22_openblas on cuda0_impl0 (Comb0): 902.322000us vs average 3332.319000us, 1 such errors against 1 samples (-72.922100%), flushing the performance model. Use the STARPU_HISTORY_MAX_ERROR environement variable to control the threshold (currently 50%)
[starpu][_starpu_update_perfmodel_history] Too big deviation for model starpu_dlu_lu_model_22_openblas on cuda0_impl0 (Comb0): 908.052000us vs average 3327.921000us, 1 such errors against 1 samples (-72.714136%), flushing the performance model. Use the STARPU_HISTORY_MAX_ERROR environement variable to control the threshold (currently 50%)
[starpu][_starpu_update_perfmodel_history] Too big deviation for model starpu_dlu_lu_model_22_openblas on cuda0_impl0 (Comb0): 904.335000us vs average 3325.987000us, 1 such errors against 1 samples (-72.810026%), flushing the performance model. Use the STARPU_HISTORY_MAX_ERROR environement variable to control the threshold (currently 50%)
[starpu][_starpu_update_perfmodel_history] Too big deviation for model starpu_dlu_lu_model_22_openblas on cuda0_impl0 (Comb0): 905.567000us vs average 3331.338000us, 1 such errors against 1 samples (-72.816718%), flushing the performance model. Use the STARPU_HISTORY_MAX_ERROR environement variable to control the threshold (currently 50%)
[starpu][_starpu_update_perfmodel_history] Too big deviation for model starpu_dlu_lu_model_21_openblas on cuda0_impl0 (Comb0): 3733.036000us vs average 1248.637000us, 2 such errors against 2 samples (+198.968876%), flushing the performance model. Use the STARPU_HISTORY_MAX_ERROR environement variable to control the threshold (currently 50%)
[starpu][_starpu_update_perfmodel_history] Too big deviation for model starpu_dlu_lu_model_22_openblas on cuda0_impl0 (Comb0): 908.262000us vs average 3362.881000us, 2 such errors against 2 samples (-72.991551%), flushing the performance model. Use the STARPU_HISTORY_MAX_ERROR environement variable to control the threshold (currently 50%)
[starpu][_starpu_update_perfmodel_history] Too big deviation for model starpu_dlu_lu_model_22_openblas on cuda0_impl0 (Comb0): 905.196000us vs average 3306.781000us, 1 such errors against 1 samples (-72.626067%), flushing the performance model. Use the STARPU_HISTORY_MAX_ERROR environement variable to control the threshold (currently 50%)
[starpu][_starpu_update_perfmodel_history] Too big deviation for model starpu_dlu_lu_model_22_openblas on cuda0_impl0 (Comb0): 908.432000us vs average 3345.271571us, 7 such errors against 7 samples (-72.844297%), flushing the performance model. Use the STARPU_HISTORY_MAX_ERROR environement variable to control the threshold (currently 50%)
[starpu][_starpu_update_perfmodel_history] Too big deviation for model starpu_dlu_lu_model_22_openblas on cuda0_impl0 (Comb0): 3312.151000us vs average 1019.650000us, 2 such errors against 2 samples (+224.832148%), flushing the performance model. Use the STARPU_HISTORY_MAX_ERROR environement variable to control the threshold (currently 50%)
[starpu][_starpu_update_perfmodel_history] Too big deviation for model starpu_dlu_lu_model_22_openblas on cuda0_impl0 (Comb0): 3338.791000us vs average 853.531000us, 1 such errors against 1 samples (+291.173959%), flushing the performance model. Use the STARPU_HISTORY_MAX_ERROR environement variable to control the threshold (currently 50%)
[starpu][_starpu_update_perfmodel_history] Too big deviation for model starpu_dlu_lu_model_22_openblas on cuda0_impl0 (Comb0): 910.767000us vs average 3438.076000us, 1 such errors against 1 samples (-73.509399%), flushing the performance model. Use the STARPU_HISTORY_MAX_ERROR environement variable to control the threshold (currently 50%)
[starpu][_starpu_update_perfmodel_history] Too big deviation for model starpu_dlu_lu_model_22_openblas on cuda0_impl0 (Comb0): 3337.950000us vs average 948.437000us, 1 such errors against 1 samples (+251.942195%), flushing the performance model. Use the STARPU_HISTORY_MAX_ERROR environement variable to control the threshold (currently 50%)
# size	ms	GFlop/s
12000	29828	38.6
MATRIX GENERATED
[starpu][_starpu_history_based_job_expected_perf] Warning: model starpu_dlu_lu_model_11_openblas is not calibrated enough for cuda0_impl0 (Comb0) size 32000000 footprint fc345c2c (only 5 measurements), forcing calibration for this run. Use the STARPU_CALIBRATE environment variable to control this. You probably need to run again to continue calibrating the model, until this warning disappears.
[starpu][_starpu_history_based_job_expected_perf] Warning: model starpu_dlu_lu_model_12_openblas is not calibrated enough for cuda0_impl0 (Comb0) size 64000000 footprint a83049f5 (only 9 measurements), forcing calibration for this run. Use the STARPU_CALIBRATE environment variable to control this. You probably need to run again to continue calibrating the model, until this warning disappears.
[starpu][_starpu_history_based_job_expected_perf] Warning: model starpu_dlu_lu_model_21_openblas is not calibrated enough for cuda0_impl0 (Comb0) size 64000000 footprint a83049f5 (only 4 measurements), forcing calibration for this run. Use the STARPU_CALIBRATE environment variable to control this. You probably need to run again to continue calibrating the model, until this warning disappears.
[starpu][_starpu_history_based_job_expected_perf] Warning: model starpu_dlu_lu_model_22_openblas is not calibrated enough for cuda0_impl0 (Comb0) size 96000000 footprint 4174b543 (only 0 measurements), forcing calibration for this run. Use the STARPU_CALIBRATE environment variable to control this. You probably need to run again to continue calibrating the model, until this warning disappears.
# size	ms	GFlop/s
12000	29752	38.7
MATRIX GENERATED
# size	ms	GFlop/s
12000	29731	38.7
MATRIX GENERATED
# size	ms	GFlop/s
12000	29745	38.7
MATRIX GENERATED
# size	ms	GFlop/s
12000	29749	38.7
MATRIX GENERATED
# size	ms	GFlop/s
12000	29744	38.7
MATRIX GENERATED
# size	ms	GFlop/s
12000	29746	38.7
MATRIX GENERATED
# size	ms	GFlop/s
12000	29734	38.7
MATRIX GENERATED
# size	ms	GFlop/s
12000	29751	38.7
MATRIX GENERATED
# size	ms	GFlop/s
12000	29742	38.7
MATRIX GENERATED
# size	ms	GFlop/s
12000	29742	38.7
