BLOCK SIZE = 1500
[starpu][starpu_interface_end_driver_copy_async] Warning: the submission of asynchronous transfer from CUDA 3 to CUDA 0 took a very long time (0.506293 ms)
For proper asynchronous transfer overlapping, data registered to StarPU must be allocated with starpu_malloc() or pinned with starpu_memory_pin()
SIZE = 12000
# size	ms	GFlop/s
12000	634	1818.3
[starpu][compare_value_and_recalibrate] Current configuration does not match the bus performance model (CUDA: (stored) 6 != (current) 8), recalibrating...
[starpu][benchmark_all_gpu_devices] CUDA 0...
[starpu][measure_bandwidth_between_numa_nodes_and_dev] with NUMA 0...
[starpu][benchmark_all_gpu_devices] CUDA 1...
[starpu][measure_bandwidth_between_numa_nodes_and_dev] with NUMA 0...
[starpu][benchmark_all_gpu_devices] CUDA 2...
[starpu][measure_bandwidth_between_numa_nodes_and_dev] with NUMA 0...
[starpu][benchmark_all_gpu_devices] CUDA 3...
[starpu][measure_bandwidth_between_numa_nodes_and_dev] with NUMA 0...
[starpu][benchmark_all_gpu_devices] CUDA 4...
[starpu][measure_bandwidth_between_numa_nodes_and_dev] with NUMA 0...
[starpu][benchmark_all_gpu_devices] CUDA 5...
[starpu][measure_bandwidth_between_numa_nodes_and_dev] with NUMA 0...
[starpu][benchmark_all_gpu_devices] CUDA 6...
[starpu][measure_bandwidth_between_numa_nodes_and_dev] with NUMA 0...
[starpu][benchmark_all_gpu_devices] CUDA 7...
[starpu][measure_bandwidth_between_numa_nodes_and_dev] with NUMA 0...
[starpu][benchmark_all_gpu_devices] CUDA 0 -> 1...
[starpu][measure_bandwidth_between_dev_and_dev_cuda] GPU-Direct 1 -> 0
[starpu][measure_bandwidth_between_dev_and_dev_cuda] GPU-Direct 0 -> 1
[starpu][benchmark_all_gpu_devices] CUDA 0 -> 2...
[starpu][measure_bandwidth_between_dev_and_dev_cuda] GPU-Direct 2 -> 0
[starpu][measure_bandwidth_between_dev_and_dev_cuda] GPU-Direct 0 -> 2
[starpu][benchmark_all_gpu_devices] CUDA 0 -> 3...
[starpu][measure_bandwidth_between_dev_and_dev_cuda] GPU-Direct 3 -> 0
[starpu][measure_bandwidth_between_dev_and_dev_cuda] GPU-Direct 0 -> 3
[starpu][benchmark_all_gpu_devices] CUDA 0 -> 4...
[starpu][measure_bandwidth_between_dev_and_dev_cuda] GPU-Direct 4 -> 0
[starpu][measure_bandwidth_between_dev_and_dev_cuda] GPU-Direct 0 -> 4
[starpu][benchmark_all_gpu_devices] CUDA 0 -> 5...
[starpu][measure_bandwidth_between_dev_and_dev_cuda] GPU-Direct 5 -> 0
[starpu][measure_bandwidth_between_dev_and_dev_cuda] GPU-Direct 0 -> 5
[starpu][benchmark_all_gpu_devices] CUDA 0 -> 6...
[starpu][measure_bandwidth_between_dev_and_dev_cuda] GPU-Direct 6 -> 0
[starpu][measure_bandwidth_between_dev_and_dev_cuda] GPU-Direct 0 -> 6
[starpu][benchmark_all_gpu_devices] CUDA 0 -> 7...
[starpu][measure_bandwidth_between_dev_and_dev_cuda] GPU-Direct 7 -> 0
[starpu][measure_bandwidth_between_dev_and_dev_cuda] GPU-Direct 0 -> 7
[starpu][benchmark_all_gpu_devices] CUDA 1 -> 0...
[starpu][measure_bandwidth_between_dev_and_dev_cuda] GPU-Direct 0 -> 1
[starpu][measure_bandwidth_between_dev_and_dev_cuda] GPU-Direct 1 -> 0
[starpu][benchmark_all_gpu_devices] CUDA 1 -> 2...
[starpu][measure_bandwidth_between_dev_and_dev_cuda] GPU-Direct 2 -> 1
[starpu][measure_bandwidth_between_dev_and_dev_cuda] GPU-Direct 1 -> 2
[starpu][benchmark_all_gpu_devices] CUDA 1 -> 3...
[starpu][measure_bandwidth_between_dev_and_dev_cuda] GPU-Direct 3 -> 1
[starpu][measure_bandwidth_between_dev_and_dev_cuda] GPU-Direct 1 -> 3
[starpu][benchmark_all_gpu_devices] CUDA 1 -> 4...
[starpu][measure_bandwidth_between_dev_and_dev_cuda] GPU-Direct 4 -> 1
[starpu][measure_bandwidth_between_dev_and_dev_cuda] GPU-Direct 1 -> 4
[starpu][benchmark_all_gpu_devices] CUDA 1 -> 5...
[starpu][measure_bandwidth_between_dev_and_dev_cuda] GPU-Direct 5 -> 1
[starpu][measure_bandwidth_between_dev_and_dev_cuda] GPU-Direct 1 -> 5
[starpu][benchmark_all_gpu_devices] CUDA 1 -> 6...
[starpu][measure_bandwidth_between_dev_and_dev_cuda] GPU-Direct 6 -> 1
[starpu][measure_bandwidth_between_dev_and_dev_cuda] GPU-Direct 1 -> 6
[starpu][benchmark_all_gpu_devices] CUDA 1 -> 7...
[starpu][measure_bandwidth_between_dev_and_dev_cuda] GPU-Direct 7 -> 1
[starpu][measure_bandwidth_between_dev_and_dev_cuda] GPU-Direct 1 -> 7
[starpu][benchmark_all_gpu_devices] CUDA 2 -> 0...
[starpu][measure_bandwidth_between_dev_and_dev_cuda] GPU-Direct 0 -> 2
[starpu][measure_bandwidth_between_dev_and_dev_cuda] GPU-Direct 2 -> 0
[starpu][benchmark_all_gpu_devices] CUDA 2 -> 1...
[starpu][measure_bandwidth_between_dev_and_dev_cuda] GPU-Direct 1 -> 2
[starpu][measure_bandwidth_between_dev_and_dev_cuda] GPU-Direct 2 -> 1
[starpu][benchmark_all_gpu_devices] CUDA 2 -> 3...
[starpu][measure_bandwidth_between_dev_and_dev_cuda] GPU-Direct 3 -> 2
[starpu][measure_bandwidth_between_dev_and_dev_cuda] GPU-Direct 2 -> 3
[starpu][benchmark_all_gpu_devices] CUDA 2 -> 4...
[starpu][measure_bandwidth_between_dev_and_dev_cuda] GPU-Direct 4 -> 2
[starpu][measure_bandwidth_between_dev_and_dev_cuda] GPU-Direct 2 -> 4
[starpu][benchmark_all_gpu_devices] CUDA 2 -> 5...
[starpu][measure_bandwidth_between_dev_and_dev_cuda] GPU-Direct 5 -> 2
[starpu][measure_bandwidth_between_dev_and_dev_cuda] GPU-Direct 2 -> 5
[starpu][benchmark_all_gpu_devices] CUDA 2 -> 6...
[starpu][measure_bandwidth_between_dev_and_dev_cuda] GPU-Direct 6 -> 2
[starpu][measure_bandwidth_between_dev_and_dev_cuda] GPU-Direct 2 -> 6
[starpu][benchmark_all_gpu_devices] CUDA 2 -> 7...
[starpu][measure_bandwidth_between_dev_and_dev_cuda] GPU-Direct 7 -> 2
[starpu][measure_bandwidth_between_dev_and_dev_cuda] GPU-Direct 2 -> 7
[starpu][benchmark_all_gpu_devices] CUDA 3 -> 0...
[starpu][measure_bandwidth_between_dev_and_dev_cuda] GPU-Direct 0 -> 3
[starpu][measure_bandwidth_between_dev_and_dev_cuda] GPU-Direct 3 -> 0
[starpu][benchmark_all_gpu_devices] CUDA 3 -> 1...
[starpu][measure_bandwidth_between_dev_and_dev_cuda] GPU-Direct 1 -> 3
[starpu][measure_bandwidth_between_dev_and_dev_cuda] GPU-Direct 3 -> 1
[starpu][benchmark_all_gpu_devices] CUDA 3 -> 2...
[starpu][measure_bandwidth_between_dev_and_dev_cuda] GPU-Direct 2 -> 3
[starpu][measure_bandwidth_between_dev_and_dev_cuda] GPU-Direct 3 -> 2
[starpu][benchmark_all_gpu_devices] CUDA 3 -> 4...
[starpu][measure_bandwidth_between_dev_and_dev_cuda] GPU-Direct 4 -> 3
[starpu][measure_bandwidth_between_dev_and_dev_cuda] GPU-Direct 3 -> 4
[starpu][benchmark_all_gpu_devices] CUDA 3 -> 5...
[starpu][measure_bandwidth_between_dev_and_dev_cuda] GPU-Direct 5 -> 3
[starpu][measure_bandwidth_between_dev_and_dev_cuda] GPU-Direct 3 -> 5
[starpu][benchmark_all_gpu_devices] CUDA 3 -> 6...
[starpu][measure_bandwidth_between_dev_and_dev_cuda] GPU-Direct 6 -> 3
[starpu][measure_bandwidth_between_dev_and_dev_cuda] GPU-Direct 3 -> 6
[starpu][benchmark_all_gpu_devices] CUDA 3 -> 7...
[starpu][measure_bandwidth_between_dev_and_dev_cuda] GPU-Direct 7 -> 3
[starpu][measure_bandwidth_between_dev_and_dev_cuda] GPU-Direct 3 -> 7
[starpu][benchmark_all_gpu_devices] CUDA 4 -> 0...
[starpu][measure_bandwidth_between_dev_and_dev_cuda] GPU-Direct 0 -> 4
[starpu][measure_bandwidth_between_dev_and_dev_cuda] GPU-Direct 4 -> 0
[starpu][benchmark_all_gpu_devices] CUDA 4 -> 1...
[starpu][measure_bandwidth_between_dev_and_dev_cuda] GPU-Direct 1 -> 4
[starpu][measure_bandwidth_between_dev_and_dev_cuda] GPU-Direct 4 -> 1
[starpu][benchmark_all_gpu_devices] CUDA 4 -> 2...
[starpu][measure_bandwidth_between_dev_and_dev_cuda] GPU-Direct 2 -> 4
[starpu][measure_bandwidth_between_dev_and_dev_cuda] GPU-Direct 4 -> 2
[starpu][benchmark_all_gpu_devices] CUDA 4 -> 3...
[starpu][measure_bandwidth_between_dev_and_dev_cuda] GPU-Direct 3 -> 4
[starpu][measure_bandwidth_between_dev_and_dev_cuda] GPU-Direct 4 -> 3
[starpu][benchmark_all_gpu_devices] CUDA 4 -> 5...
[starpu][measure_bandwidth_between_dev_and_dev_cuda] GPU-Direct 5 -> 4
[starpu][measure_bandwidth_between_dev_and_dev_cuda] GPU-Direct 4 -> 5
[starpu][benchmark_all_gpu_devices] CUDA 4 -> 6...
[starpu][measure_bandwidth_between_dev_and_dev_cuda] GPU-Direct 6 -> 4
[starpu][measure_bandwidth_between_dev_and_dev_cuda] GPU-Direct 4 -> 6
[starpu][benchmark_all_gpu_devices] CUDA 4 -> 7...
[starpu][measure_bandwidth_between_dev_and_dev_cuda] GPU-Direct 7 -> 4
[starpu][measure_bandwidth_between_dev_and_dev_cuda] GPU-Direct 4 -> 7
[starpu][benchmark_all_gpu_devices] CUDA 5 -> 0...
[starpu][measure_bandwidth_between_dev_and_dev_cuda] GPU-Direct 0 -> 5
[starpu][measure_bandwidth_between_dev_and_dev_cuda] GPU-Direct 5 -> 0
[starpu][benchmark_all_gpu_devices] CUDA 5 -> 1...
[starpu][measure_bandwidth_between_dev_and_dev_cuda] GPU-Direct 1 -> 5
[starpu][measure_bandwidth_between_dev_and_dev_cuda] GPU-Direct 5 -> 1
[starpu][benchmark_all_gpu_devices] CUDA 5 -> 2...
[starpu][measure_bandwidth_between_dev_and_dev_cuda] GPU-Direct 2 -> 5
[starpu][measure_bandwidth_between_dev_and_dev_cuda] GPU-Direct 5 -> 2
[starpu][benchmark_all_gpu_devices] CUDA 5 -> 3...
[starpu][measure_bandwidth_between_dev_and_dev_cuda] GPU-Direct 3 -> 5
[starpu][measure_bandwidth_between_dev_and_dev_cuda] GPU-Direct 5 -> 3
[starpu][benchmark_all_gpu_devices] CUDA 5 -> 4...
[starpu][measure_bandwidth_between_dev_and_dev_cuda] GPU-Direct 4 -> 5
[starpu][measure_bandwidth_between_dev_and_dev_cuda] GPU-Direct 5 -> 4
[starpu][benchmark_all_gpu_devices] CUDA 5 -> 6...
[starpu][measure_bandwidth_between_dev_and_dev_cuda] GPU-Direct 6 -> 5
[starpu][measure_bandwidth_between_dev_and_dev_cuda] GPU-Direct 5 -> 6
[starpu][benchmark_all_gpu_devices] CUDA 5 -> 7...
[starpu][measure_bandwidth_between_dev_and_dev_cuda] GPU-Direct 7 -> 5
[starpu][measure_bandwidth_between_dev_and_dev_cuda] GPU-Direct 5 -> 7
[starpu][benchmark_all_gpu_devices] CUDA 6 -> 0...
[starpu][measure_bandwidth_between_dev_and_dev_cuda] GPU-Direct 0 -> 6
[starpu][measure_bandwidth_between_dev_and_dev_cuda] GPU-Direct 6 -> 0
[starpu][benchmark_all_gpu_devices] CUDA 6 -> 1...
[starpu][measure_bandwidth_between_dev_and_dev_cuda] GPU-Direct 1 -> 6
[starpu][measure_bandwidth_between_dev_and_dev_cuda] GPU-Direct 6 -> 1
[starpu][benchmark_all_gpu_devices] CUDA 6 -> 2...
[starpu][measure_bandwidth_between_dev_and_dev_cuda] GPU-Direct 2 -> 6
[starpu][measure_bandwidth_between_dev_and_dev_cuda] GPU-Direct 6 -> 2
[starpu][benchmark_all_gpu_devices] CUDA 6 -> 3...
[starpu][measure_bandwidth_between_dev_and_dev_cuda] GPU-Direct 3 -> 6
[starpu][measure_bandwidth_between_dev_and_dev_cuda] GPU-Direct 6 -> 3
[starpu][benchmark_all_gpu_devices] CUDA 6 -> 4...
[starpu][measure_bandwidth_between_dev_and_dev_cuda] GPU-Direct 4 -> 6
[starpu][measure_bandwidth_between_dev_and_dev_cuda] GPU-Direct 6 -> 4
[starpu][benchmark_all_gpu_devices] CUDA 6 -> 5...
[starpu][measure_bandwidth_between_dev_and_dev_cuda] GPU-Direct 5 -> 6
[starpu][measure_bandwidth_between_dev_and_dev_cuda] GPU-Direct 6 -> 5
[starpu][benchmark_all_gpu_devices] CUDA 6 -> 7...
[starpu][measure_bandwidth_between_dev_and_dev_cuda] GPU-Direct 7 -> 6
[starpu][measure_bandwidth_between_dev_and_dev_cuda] GPU-Direct 6 -> 7
[starpu][benchmark_all_gpu_devices] CUDA 7 -> 0...
[starpu][measure_bandwidth_between_dev_and_dev_cuda] GPU-Direct 0 -> 7
[starpu][measure_bandwidth_between_dev_and_dev_cuda] GPU-Direct 7 -> 0
[starpu][benchmark_all_gpu_devices] CUDA 7 -> 1...
[starpu][measure_bandwidth_between_dev_and_dev_cuda] GPU-Direct 1 -> 7
[starpu][measure_bandwidth_between_dev_and_dev_cuda] GPU-Direct 7 -> 1
[starpu][benchmark_all_gpu_devices] CUDA 7 -> 2...
[starpu][measure_bandwidth_between_dev_and_dev_cuda] GPU-Direct 2 -> 7
[starpu][measure_bandwidth_between_dev_and_dev_cuda] GPU-Direct 7 -> 2
[starpu][benchmark_all_gpu_devices] CUDA 7 -> 3...
[starpu][measure_bandwidth_between_dev_and_dev_cuda] GPU-Direct 3 -> 7
[starpu][measure_bandwidth_between_dev_and_dev_cuda] GPU-Direct 7 -> 3
[starpu][benchmark_all_gpu_devices] CUDA 7 -> 4...
[starpu][measure_bandwidth_between_dev_and_dev_cuda] GPU-Direct 4 -> 7
[starpu][measure_bandwidth_between_dev_and_dev_cuda] GPU-Direct 7 -> 4
[starpu][benchmark_all_gpu_devices] CUDA 7 -> 5...
[starpu][measure_bandwidth_between_dev_and_dev_cuda] GPU-Direct 5 -> 7
[starpu][measure_bandwidth_between_dev_and_dev_cuda] GPU-Direct 7 -> 5
[starpu][benchmark_all_gpu_devices] CUDA 7 -> 6...
[starpu][measure_bandwidth_between_dev_and_dev_cuda] GPU-Direct 6 -> 7
[starpu][measure_bandwidth_between_dev_and_dev_cuda] GPU-Direct 7 -> 6
[starpu][benchmark_all_gpu_devices] OpenCL 0...
[starpu][measure_bandwidth_between_numa_nodes_and_dev] with NUMA 0...
[starpu][benchmark_all_gpu_devices] OpenCL 1...
[starpu][measure_bandwidth_between_numa_nodes_and_dev] with NUMA 0...
[starpu][benchmark_all_gpu_devices] OpenCL 2...
[starpu][measure_bandwidth_between_numa_nodes_and_dev] with NUMA 0...
[starpu][benchmark_all_gpu_devices] OpenCL 3...
[starpu][measure_bandwidth_between_numa_nodes_and_dev] with NUMA 0...
[starpu][benchmark_all_gpu_devices] OpenCL 4...
[starpu][measure_bandwidth_between_numa_nodes_and_dev] with NUMA 0...
[starpu][benchmark_all_gpu_devices] OpenCL 5...
[starpu][measure_bandwidth_between_numa_nodes_and_dev] with NUMA 0...
[starpu][benchmark_all_gpu_devices] OpenCL 6...
[starpu][measure_bandwidth_between_numa_nodes_and_dev] with NUMA 0...
[starpu][benchmark_all_gpu_devices] OpenCL 7...
[starpu][measure_bandwidth_between_numa_nodes_and_dev] with NUMA 0...
[starpu][compare_value_and_recalibrate] ... done
[starpu][compare_value_and_recalibrate] Current configuration does not match the bus performance model (OpenCL: (stored) 6 != (current) 8), recalibrating...
[starpu][compare_value_and_recalibrate] ... done
BLOCK SIZE = 1500
[starpu][starpu_interface_end_driver_copy_async] Warning: the submission of asynchronous transfer from CUDA 1 to CUDA 7 took a very long time (0.456671 ms)
For proper asynchronous transfer overlapping, data registered to StarPU must be allocated with starpu_malloc() or pinned with starpu_memory_pin()
SIZE = 12000
# size	ms	GFlop/s
12000	715	1612.2
BLOCK SIZE = 1500
[starpu][starpu_interface_end_driver_copy_async] Warning: the submission of asynchronous transfer from CUDA 2 to CUDA 7 took a very long time (0.489152 ms)
For proper asynchronous transfer overlapping, data registered to StarPU must be allocated with starpu_malloc() or pinned with starpu_memory_pin()
SIZE = 12000
# size	ms	GFlop/s
12000	650	1771.6
BLOCK SIZE = 1500
[starpu][starpu_interface_end_driver_copy_async] Warning: the submission of asynchronous transfer from NUMA 0 to CUDA 0 took a very long time (0.424762 ms)
For proper asynchronous transfer overlapping, data registered to StarPU must be allocated with starpu_malloc() or pinned with starpu_memory_pin()
SIZE = 12000
# size	ms	GFlop/s
12000	716	1608.2
BLOCK SIZE = 1500
[starpu][starpu_interface_end_driver_copy_async] Warning: the submission of asynchronous transfer from CUDA 1 to CUDA 3 took a very long time (0.559413 ms)
For proper asynchronous transfer overlapping, data registered to StarPU must be allocated with starpu_malloc() or pinned with starpu_memory_pin()
SIZE = 12000
# size	ms	GFlop/s
12000	643	1792.3
BLOCK SIZE = 1500
[starpu][starpu_interface_end_driver_copy_async] Warning: the submission of asynchronous transfer from CUDA 2 to CUDA 7 took a very long time (0.431214 ms)
For proper asynchronous transfer overlapping, data registered to StarPU must be allocated with starpu_malloc() or pinned with starpu_memory_pin()
SIZE = 12000
# size	ms	GFlop/s
12000	706	1630.8
BLOCK SIZE = 1500
[starpu][starpu_interface_end_driver_copy_async] Warning: the submission of asynchronous transfer from NUMA 0 to CUDA 3 took a very long time (0.486557 ms)
For proper asynchronous transfer overlapping, data registered to StarPU must be allocated with starpu_malloc() or pinned with starpu_memory_pin()
SIZE = 12000
# size	ms	GFlop/s
12000	667	1727.2
BLOCK SIZE = 1500
[starpu][starpu_interface_end_driver_copy_async] Warning: the submission of asynchronous transfer from CUDA 1 to CUDA 5 took a very long time (0.432827 ms)
For proper asynchronous transfer overlapping, data registered to StarPU must be allocated with starpu_malloc() or pinned with starpu_memory_pin()
SIZE = 12000
# size	ms	GFlop/s
12000	684	1684.1
BLOCK SIZE = 1500
SIZE = 12000
# size	ms	GFlop/s
12000	653	1763.7
BLOCK SIZE = 1500
[starpu][starpu_interface_end_driver_copy_async] Warning: the submission of asynchronous transfer from CUDA 1 to CUDA 6 took a very long time (0.504271 ms)
For proper asynchronous transfer overlapping, data registered to StarPU must be allocated with starpu_malloc() or pinned with starpu_memory_pin()
SIZE = 12000
# size	ms	GFlop/s
12000	701	1644.0
BLOCK SIZE = 1500
[starpu][starpu_interface_end_driver_copy_async] Warning: the submission of asynchronous transfer from NUMA 0 to CUDA 0 took a very long time (0.426475 ms)
For proper asynchronous transfer overlapping, data registered to StarPU must be allocated with starpu_malloc() or pinned with starpu_memory_pin()
SIZE = 12000
# size	ms	GFlop/s
12000	714	1612.8
BLOCK SIZE = 1500
[starpu][starpu_interface_end_driver_copy_async] Warning: the submission of asynchronous transfer from CUDA 0 to CUDA 7 took a very long time (0.411497 ms)
For proper asynchronous transfer overlapping, data registered to StarPU must be allocated with starpu_malloc() or pinned with starpu_memory_pin()
SIZE = 12000
# size	ms	GFlop/s
12000	671	1716.5
