BLOCK SIZE = 1500
SIZE = 12000
# size	ms	GFlop/s
12000	444	2594.8
BLOCK SIZE = 1500
[starpu][starpu_interface_end_driver_copy_async] Warning: the submission of asynchronous transfer from CUDA 0 to NUMA 0 took a very long time (2.169423 ms)
For proper asynchronous transfer overlapping, data registered to StarPU must be allocated with starpu_malloc() or pinned with starpu_memory_pin()
SIZE = 12000
# size	ms	GFlop/s
12000	442	2607.2
BLOCK SIZE = 1500
SIZE = 12000
# size	ms	GFlop/s
12000	435	2649.0
BLOCK SIZE = 1500
[starpu][starpu_interface_end_driver_copy_async] Warning: the submission of asynchronous transfer from CUDA 0 to NUMA 0 took a very long time (1.943081 ms)
For proper asynchronous transfer overlapping, data registered to StarPU must be allocated with starpu_malloc() or pinned with starpu_memory_pin()
SIZE = 12000
# size	ms	GFlop/s
12000	439	2624.3
BLOCK SIZE = 1500
[starpu][starpu_interface_end_driver_copy_async] Warning: the submission of asynchronous transfer from CUDA 0 to NUMA 0 took a very long time (1.906173 ms)
For proper asynchronous transfer overlapping, data registered to StarPU must be allocated with starpu_malloc() or pinned with starpu_memory_pin()
SIZE = 12000
# size	ms	GFlop/s
12000	433	2662.8
BLOCK SIZE = 1500
SIZE = 12000
# size	ms	GFlop/s
12000	443	2597.7
BLOCK SIZE = 1500
[starpu][starpu_interface_end_driver_copy_async] Warning: the submission of asynchronous transfer from CUDA 0 to NUMA 0 took a very long time (2.164094 ms)
For proper asynchronous transfer overlapping, data registered to StarPU must be allocated with starpu_malloc() or pinned with starpu_memory_pin()
SIZE = 12000
# size	ms	GFlop/s
12000	434	2653.7
BLOCK SIZE = 1500
[starpu][starpu_interface_end_driver_copy_async] Warning: the submission of asynchronous transfer from CUDA 0 to NUMA 0 took a very long time (2.197977 ms)
For proper asynchronous transfer overlapping, data registered to StarPU must be allocated with starpu_malloc() or pinned with starpu_memory_pin()
SIZE = 12000
# size	ms	GFlop/s
12000	429	2685.3
BLOCK SIZE = 1500
SIZE = 12000
# size	ms	GFlop/s
12000	437	2633.7
BLOCK SIZE = 1500
[starpu][starpu_interface_end_driver_copy_async] Warning: the submission of asynchronous transfer from CUDA 0 to NUMA 0 took a very long time (2.266815 ms)
For proper asynchronous transfer overlapping, data registered to StarPU must be allocated with starpu_malloc() or pinned with starpu_memory_pin()
SIZE = 12000
# size	ms	GFlop/s
12000	437	2636.8
BLOCK SIZE = 1500
[starpu][starpu_interface_end_driver_copy_async] Warning: the submission of asynchronous transfer from CUDA 0 to NUMA 0 took a very long time (2.178971 ms)
For proper asynchronous transfer overlapping, data registered to StarPU must be allocated with starpu_malloc() or pinned with starpu_memory_pin()
SIZE = 12000
# size	ms	GFlop/s
12000	440	2616.6
BLOCK SIZE = 1500
SIZE = 12000
# size	ms	GFlop/s
12000	433	2660.4
