[starpu][compare_value_and_recalibrate] Current configuration does not match the bus performance model (CUDA: (stored) 8 != (current) 1), recalibrating...
[starpu][benchmark_all_gpu_devices] CUDA 0...
[starpu][measure_bandwidth_between_numa_nodes_and_dev] with NUMA 0...
[starpu][benchmark_all_gpu_devices] OpenCL 0...
[starpu][measure_bandwidth_between_numa_nodes_and_dev] with NUMA 0...
[starpu][compare_value_and_recalibrate] ... done
[starpu][compare_value_and_recalibrate] Current configuration does not match the bus performance model (OpenCL: (stored) 8 != (current) 1), recalibrating...
[starpu][compare_value_and_recalibrate] ... done
MATRIX GENERATED
[starpu][_starpu_history_based_job_expected_perf] Warning: model starpu_dlu_lu_model_11_openblas is not calibrated enough for cuda0_impl0 (Comb0) size 1152000000 footprint 6eef5611 (only 0 measurements), forcing calibration for this run. Use the STARPU_CALIBRATE environment variable to control this. You probably need to run again to continue calibrating the model, until this warning disappears.
[starpu][_starpu_history_based_job_expected_perf] Warning: model starpu_dlu_lu_model_12_openblas is not calibrated enough for cuda0_impl0 (Comb0) size 2304000000 footprint fbfd7e42 (only 0 measurements), forcing calibration for this run. Use the STARPU_CALIBRATE environment variable to control this. You probably need to run again to continue calibrating the model, until this warning disappears.
[starpu][_starpu_history_based_job_expected_perf] Warning: model starpu_dlu_lu_model_21_openblas is not calibrated enough for cuda0_impl0 (Comb0) size 2304000000 footprint fbfd7e42 (only 0 measurements), forcing calibration for this run. Use the STARPU_CALIBRATE environment variable to control this. You probably need to run again to continue calibrating the model, until this warning disappears.
[starpu][_starpu_history_based_job_expected_perf] Warning: model starpu_dlu_lu_model_22_openblas is not calibrated enough for cuda0_impl0 (Comb0) size 3456000000 footprint 11d17753 (only 0 measurements), forcing calibration for this run. Use the STARPU_CALIBRATE environment variable to control this. You probably need to run again to continue calibrating the model, until this warning disappears.
# size	ms	GFlop/s
72000	59634	4172.7
MATRIX GENERATED
[starpu][_starpu_history_based_job_expected_perf] Warning: model starpu_dlu_lu_model_11_openblas is not calibrated enough for cuda0_impl0 (Comb0) size 1152000000 footprint 6eef5611 (only 5 measurements), forcing calibration for this run. Use the STARPU_CALIBRATE environment variable to control this. You probably need to run again to continue calibrating the model, until this warning disappears.
# size	ms	GFlop/s
72000	59623	4173.5
MATRIX GENERATED
# size	ms	GFlop/s
72000	59560	4177.9
MATRIX GENERATED
# size	ms	GFlop/s
72000	59575	4176.8
MATRIX GENERATED
# size	ms	GFlop/s
72000	59611	4174.2
MATRIX GENERATED
# size	ms	GFlop/s
72000	59623	4173.4
MATRIX GENERATED
# size	ms	GFlop/s
72000	59583	4176.2
MATRIX GENERATED
# size	ms	GFlop/s
72000	59544	4179.0
MATRIX GENERATED
# size	ms	GFlop/s
72000	59619	4173.7
MATRIX GENERATED
# size	ms	GFlop/s
72000	59601	4175.0
MATRIX GENERATED
# size	ms	GFlop/s
72000	59570	4177.1
