Test 1D Laplacian of order 12000
Step 1: Create Mg handle and select devices 
	There are 6 GPUs 
	Device 0, NVIDIA A100-SXM4-80GB, cc 8.0 
	Device 1, NVIDIA A100-SXM4-80GB, cc 8.0 
	Device 2, NVIDIA A100-SXM4-80GB, cc 8.0 
	Device 3, NVIDIA A100-SXM4-80GB, cc 8.0 
	Device 4, NVIDIA A100-SXM4-80GB, cc 8.0 
	Device 5, NVIDIA A100-SXM4-80GB, cc 8.0 
step 2: Enable peer access.
	 Enable peer access from gpu 0 to gpu 1
	 Enable peer access from gpu 0 to gpu 2
	 Enable peer access from gpu 0 to gpu 3
	 Enable peer access from gpu 0 to gpu 4
	 Enable peer access from gpu 0 to gpu 5
	 Enable peer access from gpu 1 to gpu 0
	 Enable peer access from gpu 1 to gpu 2
	 Enable peer access from gpu 1 to gpu 3
	 Enable peer access from gpu 1 to gpu 4
	 Enable peer access from gpu 1 to gpu 5
	 Enable peer access from gpu 2 to gpu 0
	 Enable peer access from gpu 2 to gpu 1
	 Enable peer access from gpu 2 to gpu 3
	 Enable peer access from gpu 2 to gpu 4
	 Enable peer access from gpu 2 to gpu 5
	 Enable peer access from gpu 3 to gpu 0
	 Enable peer access from gpu 3 to gpu 1
	 Enable peer access from gpu 3 to gpu 2
	 Enable peer access from gpu 3 to gpu 4
	 Enable peer access from gpu 3 to gpu 5
	 Enable peer access from gpu 4 to gpu 0
	 Enable peer access from gpu 4 to gpu 1
	 Enable peer access from gpu 4 to gpu 2
	 Enable peer access from gpu 4 to gpu 3
	 Enable peer access from gpu 4 to gpu 5
	 Enable peer access from gpu 5 to gpu 0
	 Enable peer access from gpu 5 to gpu 1
	 Enable peer access from gpu 5 to gpu 2
	 Enable peer access from gpu 5 to gpu 3
	 Enable peer access from gpu 5 to gpu 4
Step 3: Allocate host memory A 
Step 4: Prepare 1D Laplacian 
Step 5: Create matrix descriptors for A and B 
Step 6: Allocate distributed matrices A and D 
Step 7: Prepare data on devices 
Step 8: Allocate workspace space 
	Allocate device workspace, lwork = 86400 
Step 9: Solve A*X = B by GETRF and GETRS 
Run 0 time used (s): 0.7639
Run 1 time used (s): 0.7123
Run 2 time used (s): 0.7094
Run 3 time used (s): 0.7096
Run 4 time used (s): 0.7104
Run 5 time used (s): 0.7095
Run 6 time used (s): 0.7125
Run 7 time used (s): 0.7244
Run 8 time used (s): 0.7169
Run 9 time used (s): 0.7182
Run 10 time used (s): 0.7157
Total time used (s): 7.9028
step 12: Free resources 
Test 1D Laplacian of order 12000
Step 1: Create Mg handle and select devices 
	There are 6 GPUs 
	Device 0, NVIDIA A100-SXM4-80GB, cc 8.0 
	Device 1, NVIDIA A100-SXM4-80GB, cc 8.0 
	Device 2, NVIDIA A100-SXM4-80GB, cc 8.0 
	Device 3, NVIDIA A100-SXM4-80GB, cc 8.0 
	Device 4, NVIDIA A100-SXM4-80GB, cc 8.0 
	Device 5, NVIDIA A100-SXM4-80GB, cc 8.0 
step 2: Enable peer access.
	 Enable peer access from gpu 0 to gpu 1
	 Enable peer access from gpu 0 to gpu 2
	 Enable peer access from gpu 0 to gpu 3
	 Enable peer access from gpu 0 to gpu 4
	 Enable peer access from gpu 0 to gpu 5
	 Enable peer access from gpu 1 to gpu 0
	 Enable peer access from gpu 1 to gpu 2
	 Enable peer access from gpu 1 to gpu 3
	 Enable peer access from gpu 1 to gpu 4
	 Enable peer access from gpu 1 to gpu 5
	 Enable peer access from gpu 2 to gpu 0
	 Enable peer access from gpu 2 to gpu 1
	 Enable peer access from gpu 2 to gpu 3
	 Enable peer access from gpu 2 to gpu 4
	 Enable peer access from gpu 2 to gpu 5
	 Enable peer access from gpu 3 to gpu 0
	 Enable peer access from gpu 3 to gpu 1
	 Enable peer access from gpu 3 to gpu 2
	 Enable peer access from gpu 3 to gpu 4
	 Enable peer access from gpu 3 to gpu 5
	 Enable peer access from gpu 4 to gpu 0
	 Enable peer access from gpu 4 to gpu 1
	 Enable peer access from gpu 4 to gpu 2
	 Enable peer access from gpu 4 to gpu 3
	 Enable peer access from gpu 4 to gpu 5
	 Enable peer access from gpu 5 to gpu 0
	 Enable peer access from gpu 5 to gpu 1
	 Enable peer access from gpu 5 to gpu 2
	 Enable peer access from gpu 5 to gpu 3
	 Enable peer access from gpu 5 to gpu 4
Step 3: Allocate host memory A 
Step 4: Prepare 1D Laplacian 
Step 5: Create matrix descriptors for A and B 
Step 6: Allocate distributed matrices A and D 
Step 7: Prepare data on devices 
Step 8: Allocate workspace space 
	Allocate device workspace, lwork = 86400 
Step 9: Solve A*X = B by GETRF and GETRS 
Run 0 time used (s): 0.7732
Run 1 time used (s): 0.7223
Run 2 time used (s): 0.7185
Run 3 time used (s): 0.7143
Run 4 time used (s): 0.7141
Run 5 time used (s): 0.7159
Run 6 time used (s): 0.7139
Run 7 time used (s): 0.7134
Run 8 time used (s): 0.7138
Run 9 time used (s): 0.7133
Run 10 time used (s): 0.7153
Total time used (s): 7.9281
step 12: Free resources 
