[starpu][compare_value_and_recalibrate] Current configuration does not match the bus performance model (CUDA: (stored) 8 != (current) 1), recalibrating...
[starpu][benchmark_all_gpu_devices] CUDA 0...
[starpu][measure_bandwidth_between_numa_nodes_and_dev] with NUMA 0...
[starpu][benchmark_all_gpu_devices] OpenCL 0...
[starpu][measure_bandwidth_between_numa_nodes_and_dev] with NUMA 0...
[starpu][compare_value_and_recalibrate] ... done
[starpu][compare_value_and_recalibrate] Current configuration does not match the bus performance model (OpenCL: (stored) 8 != (current) 1), recalibrating...
[starpu][compare_value_and_recalibrate] ... done
BLOCK SIZE = 9000
timeout: the monitored command dumped core
BLOCK SIZE = 9000
timeout: the monitored command dumped core
BLOCK SIZE = 9000
timeout: the monitored command dumped core
BLOCK SIZE = 9000
timeout: the monitored command dumped core
BLOCK SIZE = 9000
timeout: the monitored command dumped core
BLOCK SIZE = 9000
timeout: the monitored command dumped core
BLOCK SIZE = 9000
timeout: the monitored command dumped core
BLOCK SIZE = 9000
timeout: the monitored command dumped core
BLOCK SIZE = 9000
timeout: the monitored command dumped core
BLOCK SIZE = 9000
timeout: the monitored command dumped core
BLOCK SIZE = 9000
timeout: the monitored command dumped core
