[starpu][compare_value_and_recalibrate] Current configuration does not match the bus performance model (CUDA: (stored) 1 != (current) 2), recalibrating...
[starpu][benchmark_all_gpu_devices] CUDA 0...
[starpu][measure_bandwidth_between_numa_nodes_and_dev] with NUMA 0...
[starpu][benchmark_all_gpu_devices] CUDA 1...
[starpu][measure_bandwidth_between_numa_nodes_and_dev] with NUMA 0...
[starpu][benchmark_all_gpu_devices] CUDA 0 -> 1...
[starpu][measure_bandwidth_between_dev_and_dev_cuda] GPU-Direct 1 -> 0
[starpu][measure_bandwidth_between_dev_and_dev_cuda] GPU-Direct 0 -> 1
[starpu][benchmark_all_gpu_devices] CUDA 1 -> 0...
[starpu][measure_bandwidth_between_dev_and_dev_cuda] GPU-Direct 0 -> 1
[starpu][measure_bandwidth_between_dev_and_dev_cuda] GPU-Direct 1 -> 0
[starpu][benchmark_all_gpu_devices] OpenCL 0...
[starpu][measure_bandwidth_between_numa_nodes_and_dev] with NUMA 0...
[starpu][benchmark_all_gpu_devices] OpenCL 1...
[starpu][measure_bandwidth_between_numa_nodes_and_dev] with NUMA 0...
[starpu][compare_value_and_recalibrate] ... done
[starpu][compare_value_and_recalibrate] Current configuration does not match the bus performance model (OpenCL: (stored) 1 != (current) 2), recalibrating...
[starpu][compare_value_and_recalibrate] ... done
BLOCK SIZE = 9000
timeout: the monitored command dumped core
BLOCK SIZE = 9000
timeout: the monitored command dumped core
BLOCK SIZE = 9000
timeout: the monitored command dumped core
BLOCK SIZE = 9000
timeout: the monitored command dumped core
BLOCK SIZE = 9000
timeout: the monitored command dumped core
BLOCK SIZE = 9000
timeout: the monitored command dumped core
BLOCK SIZE = 9000
timeout: the monitored command dumped core
BLOCK SIZE = 9000
timeout: the monitored command dumped core
BLOCK SIZE = 9000
timeout: the monitored command dumped core
BLOCK SIZE = 9000
timeout: the monitored command dumped core
BLOCK SIZE = 9000
timeout: the monitored command dumped core
