[starpu][compare_value_and_recalibrate] Current configuration does not match the bus performance model (CUDA: (stored) 8 != (current) 1), recalibrating...
[starpu][benchmark_all_gpu_devices] CUDA 0...
[starpu][measure_bandwidth_between_numa_nodes_and_dev] with NUMA 0...
[starpu][benchmark_all_gpu_devices] OpenCL 0...
[starpu][measure_bandwidth_between_numa_nodes_and_dev] with NUMA 0...
[starpu][compare_value_and_recalibrate] ... done
[starpu][compare_value_and_recalibrate] Current configuration does not match the bus performance model (OpenCL: (stored) 8 != (current) 1), recalibrating...
[starpu][compare_value_and_recalibrate] ... done
MATRIX GENERATED
[starpu][_starpu_history_based_job_expected_perf] Warning: model starpu_dlu_lu_model_11_openblas is not calibrated enough for cuda0_impl0 (Comb0) size 512000000 footprint ee3b69f4 (only 0 measurements), forcing calibration for this run. Use the STARPU_CALIBRATE environment variable to control this. You probably need to run again to continue calibrating the model, until this warning disappears.
[starpu][_starpu_history_based_job_expected_perf] Warning: model starpu_dlu_lu_model_12_openblas is not calibrated enough for cuda0_impl0 (Comb0) size 1024000000 footprint c9669e57 (only 0 measurements), forcing calibration for this run. Use the STARPU_CALIBRATE environment variable to control this. You probably need to run again to continue calibrating the model, until this warning disappears.
[starpu][_starpu_history_based_job_expected_perf] Warning: model starpu_dlu_lu_model_21_openblas is not calibrated enough for cuda0_impl0 (Comb0) size 1024000000 footprint c9669e57 (only 0 measurements), forcing calibration for this run. Use the STARPU_CALIBRATE environment variable to control this. You probably need to run again to continue calibrating the model, until this warning disappears.
[starpu][_starpu_history_based_job_expected_perf] Warning: model starpu_dlu_lu_model_22_openblas is not calibrated enough for cuda0_impl0 (Comb0) size 1536000000 footprint 3ff5bb1d (only 0 measurements), forcing calibration for this run. Use the STARPU_CALIBRATE environment variable to control this. You probably need to run again to continue calibrating the model, until this warning disappears.
# size	ms	GFlop/s
48000	18377	4011.9
MATRIX GENERATED
[starpu][_starpu_history_based_job_expected_perf] Warning: model starpu_dlu_lu_model_11_openblas is not calibrated enough for cuda0_impl0 (Comb0) size 512000000 footprint ee3b69f4 (only 5 measurements), forcing calibration for this run. Use the STARPU_CALIBRATE environment variable to control this. You probably need to run again to continue calibrating the model, until this warning disappears.
# size	ms	GFlop/s
48000	18385	4010.1
MATRIX GENERATED
# size	ms	GFlop/s
48000	18386	4010.1
MATRIX GENERATED
# size	ms	GFlop/s
48000	18387	4009.9
MATRIX GENERATED
# size	ms	GFlop/s
48000	18376	4012.1
MATRIX GENERATED
# size	ms	GFlop/s
48000	18374	4012.7
MATRIX GENERATED
# size	ms	GFlop/s
48000	18360	4015.6
MATRIX GENERATED
# size	ms	GFlop/s
48000	18392	4008.6
MATRIX GENERATED
# size	ms	GFlop/s
48000	18382	4010.8
MATRIX GENERATED
# size	ms	GFlop/s
48000	18394	4008.2
MATRIX GENERATED
# size	ms	GFlop/s
48000	18386	4009.9
