[starpu][compare_value_and_recalibrate] Current configuration does not match the bus performance model (CUDA: (stored) 4 != (current) 6), recalibrating...
[starpu][benchmark_all_gpu_devices] CUDA 0...
[starpu][measure_bandwidth_between_numa_nodes_and_dev] with NUMA 0...
[starpu][benchmark_all_gpu_devices] CUDA 1...
[starpu][measure_bandwidth_between_numa_nodes_and_dev] with NUMA 0...
[starpu][benchmark_all_gpu_devices] CUDA 2...
[starpu][measure_bandwidth_between_numa_nodes_and_dev] with NUMA 0...
[starpu][benchmark_all_gpu_devices] CUDA 3...
[starpu][measure_bandwidth_between_numa_nodes_and_dev] with NUMA 0...
[starpu][benchmark_all_gpu_devices] CUDA 4...
[starpu][measure_bandwidth_between_numa_nodes_and_dev] with NUMA 0...
[starpu][benchmark_all_gpu_devices] CUDA 5...
[starpu][measure_bandwidth_between_numa_nodes_and_dev] with NUMA 0...
[starpu][benchmark_all_gpu_devices] CUDA 0 -> 1...
[starpu][measure_bandwidth_between_dev_and_dev_cuda] GPU-Direct 1 -> 0
[starpu][measure_bandwidth_between_dev_and_dev_cuda] GPU-Direct 0 -> 1
[starpu][benchmark_all_gpu_devices] CUDA 0 -> 2...
[starpu][measure_bandwidth_between_dev_and_dev_cuda] GPU-Direct 2 -> 0
[starpu][measure_bandwidth_between_dev_and_dev_cuda] GPU-Direct 0 -> 2
[starpu][benchmark_all_gpu_devices] CUDA 0 -> 3...
[starpu][measure_bandwidth_between_dev_and_dev_cuda] GPU-Direct 3 -> 0
[starpu][measure_bandwidth_between_dev_and_dev_cuda] GPU-Direct 0 -> 3
[starpu][benchmark_all_gpu_devices] CUDA 0 -> 4...
[starpu][measure_bandwidth_between_dev_and_dev_cuda] GPU-Direct 4 -> 0
[starpu][measure_bandwidth_between_dev_and_dev_cuda] GPU-Direct 0 -> 4
[starpu][benchmark_all_gpu_devices] CUDA 0 -> 5...
[starpu][measure_bandwidth_between_dev_and_dev_cuda] GPU-Direct 5 -> 0
[starpu][measure_bandwidth_between_dev_and_dev_cuda] GPU-Direct 0 -> 5
[starpu][benchmark_all_gpu_devices] CUDA 1 -> 0...
[starpu][measure_bandwidth_between_dev_and_dev_cuda] GPU-Direct 0 -> 1
[starpu][measure_bandwidth_between_dev_and_dev_cuda] GPU-Direct 1 -> 0
[starpu][benchmark_all_gpu_devices] CUDA 1 -> 2...
[starpu][measure_bandwidth_between_dev_and_dev_cuda] GPU-Direct 2 -> 1
[starpu][measure_bandwidth_between_dev_and_dev_cuda] GPU-Direct 1 -> 2
[starpu][benchmark_all_gpu_devices] CUDA 1 -> 3...
[starpu][measure_bandwidth_between_dev_and_dev_cuda] GPU-Direct 3 -> 1
[starpu][measure_bandwidth_between_dev_and_dev_cuda] GPU-Direct 1 -> 3
[starpu][benchmark_all_gpu_devices] CUDA 1 -> 4...
[starpu][measure_bandwidth_between_dev_and_dev_cuda] GPU-Direct 4 -> 1
[starpu][measure_bandwidth_between_dev_and_dev_cuda] GPU-Direct 1 -> 4
[starpu][benchmark_all_gpu_devices] CUDA 1 -> 5...
[starpu][measure_bandwidth_between_dev_and_dev_cuda] GPU-Direct 5 -> 1
[starpu][measure_bandwidth_between_dev_and_dev_cuda] GPU-Direct 1 -> 5
[starpu][benchmark_all_gpu_devices] CUDA 2 -> 0...
[starpu][measure_bandwidth_between_dev_and_dev_cuda] GPU-Direct 0 -> 2
[starpu][measure_bandwidth_between_dev_and_dev_cuda] GPU-Direct 2 -> 0
[starpu][benchmark_all_gpu_devices] CUDA 2 -> 1...
[starpu][measure_bandwidth_between_dev_and_dev_cuda] GPU-Direct 1 -> 2
[starpu][measure_bandwidth_between_dev_and_dev_cuda] GPU-Direct 2 -> 1
[starpu][benchmark_all_gpu_devices] CUDA 2 -> 3...
[starpu][measure_bandwidth_between_dev_and_dev_cuda] GPU-Direct 3 -> 2
[starpu][measure_bandwidth_between_dev_and_dev_cuda] GPU-Direct 2 -> 3
[starpu][benchmark_all_gpu_devices] CUDA 2 -> 4...
[starpu][measure_bandwidth_between_dev_and_dev_cuda] GPU-Direct 4 -> 2
[starpu][measure_bandwidth_between_dev_and_dev_cuda] GPU-Direct 2 -> 4
[starpu][benchmark_all_gpu_devices] CUDA 2 -> 5...
[starpu][measure_bandwidth_between_dev_and_dev_cuda] GPU-Direct 5 -> 2
[starpu][measure_bandwidth_between_dev_and_dev_cuda] GPU-Direct 2 -> 5
[starpu][benchmark_all_gpu_devices] CUDA 3 -> 0...
[starpu][measure_bandwidth_between_dev_and_dev_cuda] GPU-Direct 0 -> 3
[starpu][measure_bandwidth_between_dev_and_dev_cuda] GPU-Direct 3 -> 0
[starpu][benchmark_all_gpu_devices] CUDA 3 -> 1...
[starpu][measure_bandwidth_between_dev_and_dev_cuda] GPU-Direct 1 -> 3
[starpu][measure_bandwidth_between_dev_and_dev_cuda] GPU-Direct 3 -> 1
[starpu][benchmark_all_gpu_devices] CUDA 3 -> 2...
[starpu][measure_bandwidth_between_dev_and_dev_cuda] GPU-Direct 2 -> 3
[starpu][measure_bandwidth_between_dev_and_dev_cuda] GPU-Direct 3 -> 2
[starpu][benchmark_all_gpu_devices] CUDA 3 -> 4...
[starpu][measure_bandwidth_between_dev_and_dev_cuda] GPU-Direct 4 -> 3
[starpu][measure_bandwidth_between_dev_and_dev_cuda] GPU-Direct 3 -> 4
[starpu][benchmark_all_gpu_devices] CUDA 3 -> 5...
[starpu][measure_bandwidth_between_dev_and_dev_cuda] GPU-Direct 5 -> 3
[starpu][measure_bandwidth_between_dev_and_dev_cuda] GPU-Direct 3 -> 5
[starpu][benchmark_all_gpu_devices] CUDA 4 -> 0...
[starpu][measure_bandwidth_between_dev_and_dev_cuda] GPU-Direct 0 -> 4
[starpu][measure_bandwidth_between_dev_and_dev_cuda] GPU-Direct 4 -> 0
[starpu][benchmark_all_gpu_devices] CUDA 4 -> 1...
[starpu][measure_bandwidth_between_dev_and_dev_cuda] GPU-Direct 1 -> 4
[starpu][measure_bandwidth_between_dev_and_dev_cuda] GPU-Direct 4 -> 1
[starpu][benchmark_all_gpu_devices] CUDA 4 -> 2...
[starpu][measure_bandwidth_between_dev_and_dev_cuda] GPU-Direct 2 -> 4
[starpu][measure_bandwidth_between_dev_and_dev_cuda] GPU-Direct 4 -> 2
[starpu][benchmark_all_gpu_devices] CUDA 4 -> 3...
[starpu][measure_bandwidth_between_dev_and_dev_cuda] GPU-Direct 3 -> 4
[starpu][measure_bandwidth_between_dev_and_dev_cuda] GPU-Direct 4 -> 3
[starpu][benchmark_all_gpu_devices] CUDA 4 -> 5...
[starpu][measure_bandwidth_between_dev_and_dev_cuda] GPU-Direct 5 -> 4
[starpu][measure_bandwidth_between_dev_and_dev_cuda] GPU-Direct 4 -> 5
[starpu][benchmark_all_gpu_devices] CUDA 5 -> 0...
[starpu][measure_bandwidth_between_dev_and_dev_cuda] GPU-Direct 0 -> 5
[starpu][measure_bandwidth_between_dev_and_dev_cuda] GPU-Direct 5 -> 0
[starpu][benchmark_all_gpu_devices] CUDA 5 -> 1...
[starpu][measure_bandwidth_between_dev_and_dev_cuda] GPU-Direct 1 -> 5
[starpu][measure_bandwidth_between_dev_and_dev_cuda] GPU-Direct 5 -> 1
[starpu][benchmark_all_gpu_devices] CUDA 5 -> 2...
[starpu][measure_bandwidth_between_dev_and_dev_cuda] GPU-Direct 2 -> 5
[starpu][measure_bandwidth_between_dev_and_dev_cuda] GPU-Direct 5 -> 2
[starpu][benchmark_all_gpu_devices] CUDA 5 -> 3...
[starpu][measure_bandwidth_between_dev_and_dev_cuda] GPU-Direct 3 -> 5
[starpu][measure_bandwidth_between_dev_and_dev_cuda] GPU-Direct 5 -> 3
[starpu][benchmark_all_gpu_devices] CUDA 5 -> 4...
[starpu][measure_bandwidth_between_dev_and_dev_cuda] GPU-Direct 4 -> 5
[starpu][measure_bandwidth_between_dev_and_dev_cuda] GPU-Direct 5 -> 4
[starpu][benchmark_all_gpu_devices] OpenCL 0...
[starpu][measure_bandwidth_between_numa_nodes_and_dev] with NUMA 0...
[starpu][benchmark_all_gpu_devices] OpenCL 1...
[starpu][measure_bandwidth_between_numa_nodes_and_dev] with NUMA 0...
[starpu][benchmark_all_gpu_devices] OpenCL 2...
[starpu][measure_bandwidth_between_numa_nodes_and_dev] with NUMA 0...
[starpu][benchmark_all_gpu_devices] OpenCL 3...
[starpu][measure_bandwidth_between_numa_nodes_and_dev] with NUMA 0...
[starpu][benchmark_all_gpu_devices] OpenCL 4...
[starpu][measure_bandwidth_between_numa_nodes_and_dev] with NUMA 0...
[starpu][benchmark_all_gpu_devices] OpenCL 5...
[starpu][measure_bandwidth_between_numa_nodes_and_dev] with NUMA 0...
[starpu][compare_value_and_recalibrate] ... done
[starpu][compare_value_and_recalibrate] Current configuration does not match the bus performance model (OpenCL: (stored) 4 != (current) 6), recalibrating...
[starpu][compare_value_and_recalibrate] ... done
BLOCK SIZE = 7500
[starpu][starpu_interface_end_driver_copy_async] Warning: the submission of asynchronous transfer from CUDA 3 to CUDA 5 took a very long time (1.131039 ms)
For proper asynchronous transfer overlapping, data registered to StarPU must be allocated with starpu_malloc() or pinned with starpu_memory_pin()
SIZE = 60000
# size	ms	GFlop/s
60000	10349	13915.0
BLOCK SIZE = 7500
[starpu][starpu_interface_end_driver_copy_async] Warning: the submission of asynchronous transfer from CUDA 3 to CUDA 2 took a very long time (0.428359 ms)
For proper asynchronous transfer overlapping, data registered to StarPU must be allocated with starpu_malloc() or pinned with starpu_memory_pin()
SIZE = 60000
# size	ms	GFlop/s
60000	10508	13704.2
BLOCK SIZE = 7500
[starpu][starpu_interface_end_driver_copy_async] Warning: the submission of asynchronous transfer from CUDA 2 to CUDA 5 took a very long time (0.461070 ms)
For proper asynchronous transfer overlapping, data registered to StarPU must be allocated with starpu_malloc() or pinned with starpu_memory_pin()
SIZE = 60000
# size	ms	GFlop/s
60000	10348	13916.2
BLOCK SIZE = 7500
[starpu][starpu_interface_end_driver_copy_async] Warning: the submission of asynchronous transfer from NUMA 0 to CUDA 1 took a very long time (0.476689 ms)
For proper asynchronous transfer overlapping, data registered to StarPU must be allocated with starpu_malloc() or pinned with starpu_memory_pin()
SIZE = 60000
# size	ms	GFlop/s
60000	10321	13952.5
BLOCK SIZE = 7500
[starpu][starpu_interface_end_driver_copy_async] Warning: the submission of asynchronous transfer from CUDA 3 to CUDA 2 took a very long time (2.314485 ms)
For proper asynchronous transfer overlapping, data registered to StarPU must be allocated with starpu_malloc() or pinned with starpu_memory_pin()
SIZE = 60000
# size	ms	GFlop/s
60000	10353	13909.2
BLOCK SIZE = 7500
[starpu][starpu_interface_end_driver_copy_async] Warning: the submission of asynchronous transfer from NUMA 0 to CUDA 0 took a very long time (0.495214 ms)
For proper asynchronous transfer overlapping, data registered to StarPU must be allocated with starpu_malloc() or pinned with starpu_memory_pin()
SIZE = 60000
# size	ms	GFlop/s
60000	10564	13631.4
BLOCK SIZE = 7500
[starpu][starpu_interface_end_driver_copy_async] Warning: the submission of asynchronous transfer from CUDA 1 to CUDA 4 took a very long time (1.927864 ms)
For proper asynchronous transfer overlapping, data registered to StarPU must be allocated with starpu_malloc() or pinned with starpu_memory_pin()
SIZE = 60000
# size	ms	GFlop/s
60000	10445	13786.4
BLOCK SIZE = 7500
[starpu][starpu_interface_end_driver_copy_async] Warning: the submission of asynchronous transfer from CUDA 3 to CUDA 5 took a very long time (0.466750 ms)
For proper asynchronous transfer overlapping, data registered to StarPU must be allocated with starpu_malloc() or pinned with starpu_memory_pin()
SIZE = 60000
# size	ms	GFlop/s
60000	10504	13709.4
BLOCK SIZE = 7500
[starpu][starpu_interface_end_driver_copy_async] Warning: the submission of asynchronous transfer from CUDA 3 to CUDA 0 took a very long time (1.537857 ms)
For proper asynchronous transfer overlapping, data registered to StarPU must be allocated with starpu_malloc() or pinned with starpu_memory_pin()
SIZE = 60000
# size	ms	GFlop/s
60000	10286	13999.9
BLOCK SIZE = 7500
[starpu][starpu_interface_end_driver_copy_async] Warning: the submission of asynchronous transfer from CUDA 1 to CUDA 4 took a very long time (0.486908 ms)
For proper asynchronous transfer overlapping, data registered to StarPU must be allocated with starpu_malloc() or pinned with starpu_memory_pin()
SIZE = 60000
# size	ms	GFlop/s
60000	10425	13812.3
BLOCK SIZE = 7500
[starpu][starpu_interface_end_driver_copy_async] Warning: the submission of asynchronous transfer from NUMA 0 to CUDA 1 took a very long time (0.481237 ms)
For proper asynchronous transfer overlapping, data registered to StarPU must be allocated with starpu_malloc() or pinned with starpu_memory_pin()
SIZE = 60000
# size	ms	GFlop/s
60000	10353	13908.6
