BLOCK SIZE = 7500
[starpu][compare_value_and_recalibrate] Current configuration does not match the bus performance model (CUDA: (stored) 8 != (current) 1), recalibrating...
[starpu][benchmark_all_gpu_devices] CUDA 0...
[starpu][measure_bandwidth_between_numa_nodes_and_dev] with NUMA 0...
[starpu][benchmark_all_gpu_devices] OpenCL 0...
[starpu][measure_bandwidth_between_numa_nodes_and_dev] with NUMA 0...
[starpu][compare_value_and_recalibrate] ... done
[starpu][compare_value_and_recalibrate] Current configuration does not match the bus performance model (OpenCL: (stored) 8 != (current) 1), recalibrating...
[starpu][compare_value_and_recalibrate] ... done
BLOCK SIZE = 7500
SIZE = 60000
# size	ms	GFlop/s
60000	13894	10364.2
BLOCK SIZE = 7500
SIZE = 60000
# size	ms	GFlop/s
60000	13886	10370.5
BLOCK SIZE = 7500
SIZE = 60000
# size	ms	GFlop/s
60000	13899	10360.7
BLOCK SIZE = 7500
SIZE = 60000
# size	ms	GFlop/s
60000	13884	10371.7
BLOCK SIZE = 7500
SIZE = 60000
# size	ms	GFlop/s
60000	13880	10374.5
BLOCK SIZE = 7500
SIZE = 60000
# size	ms	GFlop/s
60000	13892	10365.8
BLOCK SIZE = 7500
SIZE = 60000
# size	ms	GFlop/s
60000	13897	10362.0
BLOCK SIZE = 7500
SIZE = 60000
# size	ms	GFlop/s
60000	13879	10375.2
BLOCK SIZE = 7500
SIZE = 60000
# size	ms	GFlop/s
60000	13894	10364.4
BLOCK SIZE = 7500
SIZE = 60000
# size	ms	GFlop/s
60000	13900	10359.5
BLOCK SIZE = 7500
SIZE = 60000
# size	ms	GFlop/s
60000	13892	10365.7
